1689881321720	geckodriver	INFO	Listening on 127.0.0.1:55550
1689881324755	mozrunner::runner	INFO	Running command: "C:\\Program Files\\Mozilla Firefox\\firefox.exe" "--marionette" "-no-remote" "-profile" "C:\\Users\\ktmle\\AppData\\Local\\Temp\\rust_mozprofileqMr6VR"
console.warn: services.settings: Ignoring preference override of remote settings server
console.warn: services.settings: Allow by setting MOZ_REMOTE_SETTINGS_DEVTOOLS=1 in the environment
1689881324964	Marionette	INFO	Marionette enabled
Dynamically enable window occlusion 0
1689881325020	Marionette	INFO	Listening on port 55563
Read port: 55563
1689881325171	RemoteAgent	WARN	TLS certificate errors will be ignored for this session
JavaScript warning: https://www.googletagmanager.com/gtm.js?id=GTM-WRHCNB line 5 > eval, line 2: WEBGL_debug_renderer_info is deprecated in Firefox and will be removed. Please use RENDERER.
JavaScript error: https://euob.seroundprince.com/sxp/i/722415346c0d8b5baaf40720537d89a5.js, line 1: TypeError: i is undefined
JavaScript warning: https://cdn.insurads.com/bootstrap/TL9GZR2D.js, line 1: WEBGL_debug_renderer_info is deprecated in Firefox and will be removed. Please use RENDERER.
JavaScript warning: https://pagead2.googlesyndication.com/bg/0j4FY6vZ_PUEn4D43bduuyAvhiDMGOGbS5pcl_NvY7Y.js line 2 > eval line 4516 > eval line 1 > eval line 1 > eval, line 1: WEBGL_debug_renderer_info is deprecated in Firefox and will be removed. Please use RENDERER.
JavaScript warning: https://pagead2.googlesyndication.com/bg/0j4FY6vZ_PUEn4D43bduuyAvhiDMGOGbS5pcl_NvY7Y.js line 2 > eval line 45 > eval line 1 > eval line 1 > eval, line 1: WEBGL_debug_renderer_info is deprecated in Firefox and will be removed. Please use RENDERER.
JavaScript warning: https://pagead2.googlesyndication.com/bg/79Hy1jOkYXTpKXqlcd2FYXx1C4-H0WpSd41bxBCbcBc.js line 2 > eval line 2705 > eval line 1 > eval line 1 > eval, line 1: WEBGL_debug_renderer_info is deprecated in Firefox and will be removed. Please use RENDERER.
JavaScript warning: https://pagead2.googlesyndication.com/bg/79Hy1jOkYXTpKXqlcd2FYXx1C4-H0WpSd41bxBCbcBc.js line 2 > eval line 5594 > eval line 1 > eval line 1 > eval, line 1: WEBGL_debug_renderer_info is deprecated in Firefox and will be removed. Please use RENDERER.
JavaScript warning: https://pagead2.googlesyndication.com/bg/79Hy1jOkYXTpKXqlcd2FYXx1C4-H0WpSd41bxBCbcBc.js line 2 > eval line 3641 > eval line 1 > eval line 1 > eval, line 1: WEBGL_debug_renderer_info is deprecated in Firefox and will be removed. Please use RENDERER.
console.warn: services.settings: Ignoring preference override of remote settings server
console.warn: services.settings: Allow by setting MOZ_REMOTE_SETTINGS_DEVTOOLS=1 in the environment
console.error: (new TypeError("lazy.AsyncShutdown.profileBeforeChange is undefined", "resource://services-settings/Database.sys.mjs", 599))
console.warn: services.settings: Ignoring preference override of remote settings server
console.warn: services.settings: Allow by setting MOZ_REMOTE_SETTINGS_DEVTOOLS=1 in the environment
console.error: (new TypeError("lazy.AsyncShutdown.profileBeforeChange is undefined", "resource://services-settings/Database.sys.mjs", 599))
[Parent 34340, Main Thread] WARNING: DuplicateHandle failed for handle 0 in TransferHandles: file /builds/worker/checkouts/gecko/ipc/chromium/src/chrome/common/ipc_channel_win.cc:793
1689881399101	geckodriver	INFO	Listening on 127.0.0.1:62049
1689881402124	mozrunner::runner	INFO	Running command: "C:\\Program Files\\Mozilla Firefox\\firefox.exe" "--marionette" "-no-remote" "-profile" "C:\\Users\\ktmle\\AppData\\Local\\Temp\\rust_mozprofileCivoSP"
console.warn: services.settings: Ignoring preference override of remote settings server
console.warn: services.settings: Allow by setting MOZ_REMOTE_SETTINGS_DEVTOOLS=1 in the environment
1689881402323	Marionette	INFO	Marionette enabled
Dynamically enable window occlusion 0
1689881402370	Marionette	INFO	Listening on port 62064
Read port: 62064
1689881402502	RemoteAgent	WARN	TLS certificate errors will be ignored for this session
JavaScript warning: https://www.googletagmanager.com/gtm.js?id=GTM-WRHCNB line 5 > eval, line 2: WEBGL_debug_renderer_info is deprecated in Firefox and will be removed. Please use RENDERER.
JavaScript error: https://euob.seroundprince.com/sxp/i/722415346c0d8b5baaf40720537d89a5.js, line 1: TypeError: i is undefined
JavaScript warning: https://cdn.insurads.com/bootstrap/TL9GZR2D.js, line 1: WEBGL_debug_renderer_info is deprecated in Firefox and will be removed. Please use RENDERER.
JavaScript warning: https://pagead2.googlesyndication.com/bg/0j4FY6vZ_PUEn4D43bduuyAvhiDMGOGbS5pcl_NvY7Y.js line 2 > eval line 3027 > eval line 1 > eval line 1 > eval, line 1: WEBGL_debug_renderer_info is deprecated in Firefox and will be removed. Please use RENDERER.
JavaScript warning: https://pagead2.googlesyndication.com/bg/0j4FY6vZ_PUEn4D43bduuyAvhiDMGOGbS5pcl_NvY7Y.js line 2 > eval line 7680 > eval line 1 > eval line 1 > eval, line 1: WEBGL_debug_renderer_info is deprecated in Firefox and will be removed. Please use RENDERER.
JavaScript warning: https://pagead2.googlesyndication.com/bg/79Hy1jOkYXTpKXqlcd2FYXx1C4-H0WpSd41bxBCbcBc.js line 2 > eval line 4673 > eval line 1 > eval line 1 > eval, line 1: WEBGL_debug_renderer_info is deprecated in Firefox and will be removed. Please use RENDERER.
JavaScript warning: https://pagead2.googlesyndication.com/bg/0j4FY6vZ_PUEn4D43bduuyAvhiDMGOGbS5pcl_NvY7Y.js line 2 > eval line 7081 > eval line 1 > eval line 1 > eval, line 1: WEBGL_debug_renderer_info is deprecated in Firefox and will be removed. Please use RENDERER.
JavaScript warning: https://pagead2.googlesyndication.com/bg/0j4FY6vZ_PUEn4D43bduuyAvhiDMGOGbS5pcl_NvY7Y.js line 2 > eval line 6447 > eval line 1 > eval line 1 > eval, line 1: WEBGL_debug_renderer_info is deprecated in Firefox and will be removed. Please use RENDERER.
console.warn: services.settings: Ignoring preference override of remote settings server
console.warn: services.settings: Allow by setting MOZ_REMOTE_SETTINGS_DEVTOOLS=1 in the environment
console.error: (new TypeError("lazy.AsyncShutdown.profileBeforeChange is undefined", "resource://services-settings/Database.sys.mjs", 599))
JavaScript warning: https://www.googletagmanager.com/gtm.js?id=GTM-WRHCNB line 5 > eval, line 2: WEBGL_debug_renderer_info is deprecated in Firefox and will be removed. Please use RENDERER.
JavaScript error: https://euob.seroundprince.com/sxp/i/722415346c0d8b5baaf40720537d89a5.js, line 1: TypeError: i is undefined
JavaScript error: https://euob.seroundprince.com/sxp/i/722415346c0d8b5baaf40720537d89a5.js, line 1: TypeError: i is undefined
JavaScript warning: https://cdn.insurads.com/bootstrap/TL9GZR2D.js, line 1: WEBGL_debug_renderer_info is deprecated in Firefox and will be removed. Please use RENDERER.
JavaScript warning: https://pagead2.googlesyndication.com/bg/79Hy1jOkYXTpKXqlcd2FYXx1C4-H0WpSd41bxBCbcBc.js line 2 > eval line 5771 > eval line 1 > eval line 1 > eval, line 1: WEBGL_debug_renderer_info is deprecated in Firefox and will be removed. Please use RENDERER.
JavaScript warning: https://pagead2.googlesyndication.com/bg/0j4FY6vZ_PUEn4D43bduuyAvhiDMGOGbS5pcl_NvY7Y.js line 2 > eval line 2873 > eval line 1 > eval line 1 > eval, line 1: WEBGL_debug_renderer_info is deprecated in Firefox and will be removed. Please use RENDERER.
JavaScript warning: https://pagead2.googlesyndication.com/bg/0j4FY6vZ_PUEn4D43bduuyAvhiDMGOGbS5pcl_NvY7Y.js line 2 > eval line 3166 > eval line 1 > eval line 1 > eval, line 1: WEBGL_debug_renderer_info is deprecated in Firefox and will be removed. Please use RENDERER.
JavaScript warning: https://pagead2.googlesyndication.com/bg/79Hy1jOkYXTpKXqlcd2FYXx1C4-H0WpSd41bxBCbcBc.js line 2 > eval line 1035 > eval line 1 > eval line 1 > eval, line 1: WEBGL_debug_renderer_info is deprecated in Firefox and will be removed. Please use RENDERER.
JavaScript warning: https://pagead2.googlesyndication.com/bg/0j4FY6vZ_PUEn4D43bduuyAvhiDMGOGbS5pcl_NvY7Y.js line 2 > eval line 1820 > eval line 1 > eval line 1 > eval, line 1: WEBGL_debug_renderer_info is deprecated in Firefox and will be removed. Please use RENDERER.
JavaScript warning: https://pagead2.googlesyndication.com/bg/0j4FY6vZ_PUEn4D43bduuyAvhiDMGOGbS5pcl_NvY7Y.js line 2 > eval line 6787 > eval line 1 > eval line 1 > eval, line 1: WEBGL_debug_renderer_info is deprecated in Firefox and will be removed. Please use RENDERER.
JavaScript error: resource://devtools/server/actors/utils/sources-manager.js, line 438: TypeError: channel is null
JavaScript error: resource://devtools/server/actors/utils/sources-manager.js, line 438: TypeError: channel is null
JavaScript error: resource://devtools/server/actors/utils/sources-manager.js, line 438: TypeError: channel is null
JavaScript error: resource://devtools/server/actors/utils/sources-manager.js, line 438: TypeError: channel is null
JavaScript error: resource://devtools/server/actors/utils/sources-manager.js, line 438: TypeError: channel is null
JavaScript error: resource://devtools/server/actors/utils/sources-manager.js, line 438: TypeError: channel is null
Handler function threw an exception: TypeError: browsingContext.currentWindowGlobal is null
Stack: isChannelFromSystemPrincipal@resource://devtools/shared/network-observer/NetworkUtils.sys.mjs:91:1
_createResource@resource://devtools/server/actors/network-monitor/network-event-actor.js:186:40
NetworkEventActor@resource://devtools/server/actors/network-monitor/network-event-actor.js:104:27
onNetworkEvent@resource://devtools/server/actors/resources/network-events.js:284:19
#createNetworkEvent@resource://devtools/shared/network-observer/NetworkObserver.sys.mjs:665:46
#onRequestHeader@resource://devtools/shared/network-observer/NetworkObserver.sys.mjs:709:29
@resource://devtools/shared/network-observer/NetworkObserver.sys.mjs:585:28
makeInfallible/<@resource://devtools/shared/DevToolsInfaillibleUtils.sys.mjs:43:22
Line: 91, column: 1
console.error: (new TypeError("browsingContext.currentWindowGlobal is null", "resource://devtools/shared/network-observer/NetworkUtils.sys.mjs", 91))
Handler function threw an exception: TypeError: browsingContext.currentWindowGlobal is null
Stack: isChannelFromSystemPrincipal@resource://devtools/shared/network-observer/NetworkUtils.sys.mjs:91:1
_createResource@resource://devtools/server/actors/network-monitor/network-event-actor.js:186:40
NetworkEventActor@resource://devtools/server/actors/network-monitor/network-event-actor.js:104:27
onNetworkEvent@resource://devtools/server/actors/resources/network-events.js:284:19
#createNetworkEvent@resource://devtools/shared/network-observer/NetworkObserver.sys.mjs:665:46
@resource://devtools/shared/network-observer/NetworkObserver.sys.mjs:325:33
makeInfallible/<@resource://devtools/shared/DevToolsInfaillibleUtils.sys.mjs:43:22
Line: 91, column: 1
console.error: (new TypeError("browsingContext.currentWindowGlobal is null", "resource://devtools/shared/network-observer/NetworkUtils.sys.mjs", 91))
Handler function threw an exception: TypeError: browsingContext.currentWindowGlobal is null
Stack: isChannelFromSystemPrincipal@resource://devtools/shared/network-observer/NetworkUtils.sys.mjs:91:1
_createResource@resource://devtools/server/actors/network-monitor/network-event-actor.js:186:40
NetworkEventActor@resource://devtools/server/actors/network-monitor/network-event-actor.js:104:27
onNetworkEvent@resource://devtools/server/actors/resources/network-events.js:284:19
#createNetworkEvent@resource://devtools/shared/network-observer/NetworkObserver.sys.mjs:665:46
@resource://devtools/shared/network-observer/NetworkObserver.sys.mjs:330:33
makeInfallible/<@resource://devtools/shared/DevToolsInfaillibleUtils.sys.mjs:43:22
Line: 91, column: 1
console.error: (new TypeError("browsingContext.currentWindowGlobal is null", "resource://devtools/shared/network-observer/NetworkUtils.sys.mjs", 91))
[Parent 14664, Main Thread] WARNING: DuplicateHandle failed for handle 0 in TransferHandles: file /builds/worker/checkouts/gecko/ipc/chromium/src/chrome/common/ipc_channel_win.cc:793
[Parent 14664, Main Thread] WARNING: DuplicateHandle failed for handle 0 in TransferHandles: file /builds/worker/checkouts/gecko/ipc/chromium/src/chrome/common/ipc_channel_win.cc:793
1689881482875	geckodriver	INFO	Listening on 127.0.0.1:62632
1689881485920	mozrunner::runner	INFO	Running command: "C:\\Program Files\\Mozilla Firefox\\firefox.exe" "--marionette" "-no-remote" "-profile" "C:\\Users\\ktmle\\AppData\\Local\\Temp\\rust_mozprofileQ2FkIV"
console.warn: services.settings: Ignoring preference override of remote settings server
console.warn: services.settings: Allow by setting MOZ_REMOTE_SETTINGS_DEVTOOLS=1 in the environment
1689881486119	Marionette	INFO	Marionette enabled
Dynamically enable window occlusion 0
1689881486165	Marionette	INFO	Listening on port 62644
Read port: 62644
1689881486301	RemoteAgent	WARN	TLS certificate errors will be ignored for this session
JavaScript warning: https://www.googletagmanager.com/gtm.js?id=GTM-WRHCNB line 5 > eval, line 2: WEBGL_debug_renderer_info is deprecated in Firefox and will be removed. Please use RENDERER.
JavaScript error: https://euob.seroundprince.com/sxp/i/722415346c0d8b5baaf40720537d89a5.js, line 1: TypeError: i is undefined
JavaScript warning: https://pagead2.googlesyndication.com/bg/0j4FY6vZ_PUEn4D43bduuyAvhiDMGOGbS5pcl_NvY7Y.js line 2 > eval line 2620 > eval line 1 > eval line 1 > eval, line 1: WEBGL_debug_renderer_info is deprecated in Firefox and will be removed. Please use RENDERER.
JavaScript warning: https://cdn.insurads.com/bootstrap/TL9GZR2D.js, line 1: WEBGL_debug_renderer_info is deprecated in Firefox and will be removed. Please use RENDERER.
JavaScript warning: https://pagead2.googlesyndication.com/bg/0j4FY6vZ_PUEn4D43bduuyAvhiDMGOGbS5pcl_NvY7Y.js line 2 > eval line 500 > eval line 1 > eval line 1 > eval, line 1: WEBGL_debug_renderer_info is deprecated in Firefox and will be removed. Please use RENDERER.
JavaScript warning: https://pagead2.googlesyndication.com/bg/0j4FY6vZ_PUEn4D43bduuyAvhiDMGOGbS5pcl_NvY7Y.js line 2 > eval line 333 > eval line 1 > eval line 1 > eval, line 1: WEBGL_debug_renderer_info is deprecated in Firefox and will be removed. Please use RENDERER.
JavaScript warning: https://pagead2.googlesyndication.com/bg/0j4FY6vZ_PUEn4D43bduuyAvhiDMGOGbS5pcl_NvY7Y.js line 2 > eval line 85 > eval line 1 > eval line 1 > eval, line 1: WEBGL_debug_renderer_info is deprecated in Firefox and will be removed. Please use RENDERER.
JavaScript warning: https://pagead2.googlesyndication.com/bg/79Hy1jOkYXTpKXqlcd2FYXx1C4-H0WpSd41bxBCbcBc.js line 2 > eval line 4888 > eval line 1 > eval line 1 > eval, line 1: WEBGL_debug_renderer_info is deprecated in Firefox and will be removed. Please use RENDERER.
JavaScript error: , line 0: TypeError: NetworkError when attempting to fetch resource.
JavaScript error: , line 0: TypeError: NetworkError when attempting to fetch resource.
JavaScript error: , line 0: TypeError: NetworkError when attempting to fetch resource.
JavaScript error: , line 0: TypeError: NetworkError when attempting to fetch resource.
JavaScript error: https://ads.pubmatic.com/AdServer/js/pwt/160383/4693/pwt.js, line 1: TypeError: h.slotsMap[t] is undefined
JavaScript warning: https://pagead2.googlesyndication.com/bg/79Hy1jOkYXTpKXqlcd2FYXx1C4-H0WpSd41bxBCbcBc.js line 2 > eval line 1389 > eval line 1 > eval line 1 > eval, line 1: WEBGL_debug_renderer_info is deprecated in Firefox and will be removed. Please use RENDERER.
JavaScript error: https://ads.pubmatic.com/AdServer/js/pwt/160383/4693/pwt.js, line 1: TypeError: h.slotsMap[t] is undefined
JavaScript error: , line 0: TypeError: NetworkError when attempting to fetch resource.
JavaScript error: , line 0: TypeError: NetworkError when attempting to fetch resource.
JavaScript error: , line 0: TypeError: NetworkError when attempting to fetch resource.
JavaScript warning: https://pagead2.googlesyndication.com/bg/79Hy1jOkYXTpKXqlcd2FYXx1C4-H0WpSd41bxBCbcBc.js line 2 > eval line 1452 > eval line 1 > eval line 1 > eval, line 1: WEBGL_debug_renderer_info is deprecated in Firefox and will be removed. Please use RENDERER.
JavaScript warning: https://pagead2.googlesyndication.com/bg/79Hy1jOkYXTpKXqlcd2FYXx1C4-H0WpSd41bxBCbcBc.js line 2 > eval line 4124 > eval line 1 > eval line 1 > eval, line 1: WEBGL_debug_renderer_info is deprecated in Firefox and will be removed. Please use RENDERER.
JavaScript warning: https://pagead2.googlesyndication.com/bg/79Hy1jOkYXTpKXqlcd2FYXx1C4-H0WpSd41bxBCbcBc.js line 2 > eval line 7086 > eval line 1 > eval line 1 > eval, line 1: WEBGL_debug_renderer_info is deprecated in Firefox and will be removed. Please use RENDERER.
JavaScript warning: https://pagead2.googlesyndication.com/bg/0j4FY6vZ_PUEn4D43bduuyAvhiDMGOGbS5pcl_NvY7Y.js line 2 > eval line 1851 > eval line 1 > eval line 1 > eval, line 1: WEBGL_debug_renderer_info is deprecated in Firefox and will be removed. Please use RENDERER.
JavaScript warning: https://pagead2.googlesyndication.com/bg/79Hy1jOkYXTpKXqlcd2FYXx1C4-H0WpSd41bxBCbcBc.js line 2 > eval line 1404 > eval line 1 > eval line 1 > eval, line 1: WEBGL_debug_renderer_info is deprecated in Firefox and will be removed. Please use RENDERER.
JavaScript error: , line 0: TypeError: NetworkError when attempting to fetch resource.
JavaScript error: , line 0: TypeError: NetworkError when attempting to fetch resource.
JavaScript error: , line 0: TypeError: NetworkError when attempting to fetch resource.
JavaScript error: https://ads.pubmatic.com/AdServer/js/pwt/160383/4693/pwt.js, line 1: TypeError: h.slotsMap[t] is undefined
JavaScript error: , line 0: TypeError: NetworkError when attempting to fetch resource.
JavaScript error: , line 0: TypeError: NetworkError when attempting to fetch resource.
JavaScript error: , line 0: TypeError: NetworkError when attempting to fetch resource.
JavaScript warning: https://pagead2.googlesyndication.com/bg/0j4FY6vZ_PUEn4D43bduuyAvhiDMGOGbS5pcl_NvY7Y.js line 2 > eval line 824 > eval line 1 > eval line 1 > eval, line 1: WEBGL_debug_renderer_info is deprecated in Firefox and will be removed. Please use RENDERER.
JavaScript warning: https://pagead2.googlesyndication.com/bg/0j4FY6vZ_PUEn4D43bduuyAvhiDMGOGbS5pcl_NvY7Y.js line 2 > eval line 5087 > eval line 1 > eval line 1 > eval, line 1: WEBGL_debug_renderer_info is deprecated in Firefox and will be removed. Please use RENDERER.
JavaScript warning: https://pagead2.googlesyndication.com/bg/0j4FY6vZ_PUEn4D43bduuyAvhiDMGOGbS5pcl_NvY7Y.js line 2 > eval line 742 > eval line 1 > eval line 1 > eval, line 1: WEBGL_debug_renderer_info is deprecated in Firefox and will be removed. Please use RENDERER.
JavaScript warning: https://pagead2.googlesyndication.com/bg/79Hy1jOkYXTpKXqlcd2FYXx1C4-H0WpSd41bxBCbcBc.js line 2 > eval line 6685 > eval line 1 > eval line 1 > eval, line 1: WEBGL_debug_renderer_info is deprecated in Firefox and will be removed. Please use RENDERER.
JavaScript warning: https://pagead2.googlesyndication.com/bg/79Hy1jOkYXTpKXqlcd2FYXx1C4-H0WpSd41bxBCbcBc.js line 2 > eval line 4318 > eval line 1 > eval line 1 > eval, line 1: WEBGL_debug_renderer_info is deprecated in Firefox and will be removed. Please use RENDERER.
JavaScript warning: https://pagead2.googlesyndication.com/bg/0j4FY6vZ_PUEn4D43bduuyAvhiDMGOGbS5pcl_NvY7Y.js line 2 > eval line 5053 > eval line 1 > eval line 1 > eval, line 1: WEBGL_debug_renderer_info is deprecated in Firefox and will be removed. Please use RENDERER.
JavaScript error: , line 0: TypeError: NetworkError when attempting to fetch resource.
JavaScript error: , line 0: TypeError: NetworkError when attempting to fetch resource.
JavaScript error: , line 0: TypeError: NetworkError when attempting to fetch resource.
JavaScript error: , line 0: TypeError: NetworkError when attempting to fetch resource.
JavaScript error: , line 0: TypeError: NetworkError when attempting to fetch resource.
JavaScript error: , line 0: TypeError: NetworkError when attempting to fetch resource.
JavaScript error: , line 0: TypeError: NetworkError when attempting to fetch resource.
JavaScript error: , line 0: TypeError: NetworkError when attempting to fetch resource.
JavaScript error: https://ads.pubmatic.com/AdServer/js/pwt/160383/4693/pwt.js, line 1: TypeError: h.slotsMap[t] is undefined
JavaScript error: , line 0: TypeError: NetworkError when attempting to fetch resource.
JavaScript error: , line 0: TypeError: NetworkError when attempting to fetch resource.
JavaScript error: , line 0: TypeError: NetworkError when attempting to fetch resource.
JavaScript error: , line 0: TypeError: NetworkError when attempting to fetch resource.
JavaScript error: , line 0: TypeError: NetworkError when attempting to fetch resource.
JavaScript warning: https://pagead2.googlesyndication.com/bg/79Hy1jOkYXTpKXqlcd2FYXx1C4-H0WpSd41bxBCbcBc.js line 2 > eval line 858 > eval line 1 > eval line 1 > eval, line 1: WEBGL_debug_renderer_info is deprecated in Firefox and will be removed. Please use RENDERER.
JavaScript warning: https://pagead2.googlesyndication.com/bg/79Hy1jOkYXTpKXqlcd2FYXx1C4-H0WpSd41bxBCbcBc.js line 2 > eval line 5241 > eval line 1 > eval line 1 > eval, line 1: WEBGL_debug_renderer_info is deprecated in Firefox and will be removed. Please use RENDERER.
JavaScript warning: https://pagead2.googlesyndication.com/bg/0j4FY6vZ_PUEn4D43bduuyAvhiDMGOGbS5pcl_NvY7Y.js line 2 > eval line 5710 > eval line 1 > eval line 1 > eval, line 1: WEBGL_debug_renderer_info is deprecated in Firefox and will be removed. Please use RENDERER.
JavaScript warning: https://pagead2.googlesyndication.com/bg/79Hy1jOkYXTpKXqlcd2FYXx1C4-H0WpSd41bxBCbcBc.js line 2 > eval line 5200 > eval line 1 > eval line 1 > eval, line 1: WEBGL_debug_renderer_info is deprecated in Firefox and will be removed. Please use RENDERER.
JavaScript warning: https://pagead2.googlesyndication.com/bg/79Hy1jOkYXTpKXqlcd2FYXx1C4-H0WpSd41bxBCbcBc.js line 2 > eval line 5053 > eval line 1 > eval line 1 > eval, line 1: WEBGL_debug_renderer_info is deprecated in Firefox and will be removed. Please use RENDERER.
JavaScript warning: https://pagead2.googlesyndication.com/bg/79Hy1jOkYXTpKXqlcd2FYXx1C4-H0WpSd41bxBCbcBc.js line 2 > eval line 1853 > eval line 1 > eval line 1 > eval, line 1: WEBGL_debug_renderer_info is deprecated in Firefox and will be removed. Please use RENDERER.
JavaScript error: , line 0: TypeError: NetworkError when attempting to fetch resource.
JavaScript error: https://ads.pubmatic.com/AdServer/js/pwt/160383/4693/pwt.js, line 1: TypeError: h.slotsMap[t] is undefined
JavaScript error: , line 0: TypeError: NetworkError when attempting to fetch resource.
JavaScript error: , line 0: TypeError: NetworkError when attempting to fetch resource.
JavaScript error: , line 0: TypeError: NetworkError when attempting to fetch resource.
JavaScript error: , line 0: TypeError: NetworkError when attempting to fetch resource.
JavaScript error: , line 0: TypeError: NetworkError when attempting to fetch resource.
JavaScript error: , line 0: TypeError: NetworkError when attempting to fetch resource.
JavaScript error: https://ads.pubmatic.com/AdServer/js/pwt/160383/4693/pwt.js, line 1: TypeError: h.slotsMap[t] is undefined
JavaScript error: , line 0: TypeError: NetworkError when attempting to fetch resource.
[Parent 3968, IPC I/O Parent] WARNING: DuplicateHandle failed for handle 0 in TransferHandles: file /builds/worker/checkouts/gecko/ipc/chromium/src/chrome/common/ipc_channel_win.cc:793
JavaScript error: , line 0: TypeError: NetworkError when attempting to fetch resource.
JavaScript error: , line 0: TypeError: NetworkError when attempting to fetch resource.
JavaScript error: , line 0: TypeError: NetworkError when attempting to fetch resource.
JavaScript error: , line 0: TypeError: NetworkError when attempting to fetch resource.
JavaScript warning: https://pagead2.googlesyndication.com/bg/0j4FY6vZ_PUEn4D43bduuyAvhiDMGOGbS5pcl_NvY7Y.js line 2 > eval line 6277 > eval line 1 > eval line 1 > eval, line 1: WEBGL_debug_renderer_info is deprecated in Firefox and will be removed. Please use RENDERER.
JavaScript warning: https://pagead2.googlesyndication.com/bg/0j4FY6vZ_PUEn4D43bduuyAvhiDMGOGbS5pcl_NvY7Y.js line 2 > eval line 5438 > eval line 1 > eval line 1 > eval, line 1: WEBGL_debug_renderer_info is deprecated in Firefox and will be removed. Please use RENDERER.
JavaScript warning: https://pagead2.googlesyndication.com/bg/79Hy1jOkYXTpKXqlcd2FYXx1C4-H0WpSd41bxBCbcBc.js line 2 > eval line 7253 > eval line 1 > eval line 1 > eval, line 1: WEBGL_debug_renderer_info is deprecated in Firefox and will be removed. Please use RENDERER.
JavaScript warning: https://pagead2.googlesyndication.com/bg/79Hy1jOkYXTpKXqlcd2FYXx1C4-H0WpSd41bxBCbcBc.js line 2 > eval line 4524 > eval line 1 > eval line 1 > eval, line 1: WEBGL_debug_renderer_info is deprecated in Firefox and will be removed. Please use RENDERER.
JavaScript warning: https://pagead2.googlesyndication.com/bg/0j4FY6vZ_PUEn4D43bduuyAvhiDMGOGbS5pcl_NvY7Y.js line 2 > eval line 2567 > eval line 1 > eval line 1 > eval, line 1: WEBGL_debug_renderer_info is deprecated in Firefox and will be removed. Please use RENDERER.
JavaScript warning: https://pagead2.googlesyndication.com/bg/79Hy1jOkYXTpKXqlcd2FYXx1C4-H0WpSd41bxBCbcBc.js line 2 > eval line 5911 > eval line 1 > eval line 1 > eval, line 1: WEBGL_debug_renderer_info is deprecated in Firefox and will be removed. Please use RENDERER.
JavaScript error: , line 0: TypeError: NetworkError when attempting to fetch resource.
JavaScript error: , line 0: TypeError: NetworkError when attempting to fetch resource.
JavaScript error: , line 0: TypeError: NetworkError when attempting to fetch resource.
JavaScript error: , line 0: TypeError: NetworkError when attempting to fetch resource.
JavaScript error: , line 0: TypeError: NetworkError when attempting to fetch resource.
JavaScript error: , line 0: TypeError: NetworkError when attempting to fetch resource.
JavaScript error: , line 0: TypeError: NetworkError when attempting to fetch resource.
JavaScript error: , line 0: TypeError: NetworkError when attempting to fetch resource.
JavaScript error: , line 0: TypeError: NetworkError when attempting to fetch resource.
JavaScript error: , line 0: TypeError: NetworkError when attempting to fetch resource.
JavaScript warning: https://pagead2.googlesyndication.com/bg/79Hy1jOkYXTpKXqlcd2FYXx1C4-H0WpSd41bxBCbcBc.js line 2 > eval line 4079 > eval line 1 > eval line 1 > eval, line 1: WEBGL_debug_renderer_info is deprecated in Firefox and will be removed. Please use RENDERER.
JavaScript warning: https://pagead2.googlesyndication.com/bg/79Hy1jOkYXTpKXqlcd2FYXx1C4-H0WpSd41bxBCbcBc.js line 2 > eval line 1147 > eval line 1 > eval line 1 > eval, line 1: WEBGL_debug_renderer_info is deprecated in Firefox and will be removed. Please use RENDERER.
console.warn: services.settings: Ignoring preference override of remote settings server
console.warn: services.settings: Allow by setting MOZ_REMOTE_SETTINGS_DEVTOOLS=1 in the environment
console.error: (new TypeError("lazy.AsyncShutdown.profileBeforeChange is undefined", "resource://services-settings/Database.sys.mjs", 599))
JavaScript warning: https://pagead2.googlesyndication.com/bg/0j4FY6vZ_PUEn4D43bduuyAvhiDMGOGbS5pcl_NvY7Y.js line 2 > eval line 1284 > eval line 1 > eval line 1 > eval, line 1: WEBGL_debug_renderer_info is deprecated in Firefox and will be removed. Please use RENDERER.
JavaScript warning: https://pagead2.googlesyndication.com/bg/79Hy1jOkYXTpKXqlcd2FYXx1C4-H0WpSd41bxBCbcBc.js line 2 > eval line 2988 > eval line 1 > eval line 1 > eval, line 1: WEBGL_debug_renderer_info is deprecated in Firefox and will be removed. Please use RENDERER.
1689881612863	Marionette	INFO	Stopped listening on port 62641689881615276	mozrunner::runner	INFO	Running command: "C:\\Program Files\\Mozilla Firefox\\firefox.exe" "--marionette" "-no-remote" "-profile" "C:\\Users\\ktmle\\AppData\\Local\\Temp\\rust_mozprofileYuyR2A"
console.warn: services.settings: Ignoring preference override of remote settings server
console.warn: services.settings: Allow by setting MOZ_REMOTE_SETTINGS_DEVTOOLS=1 in the environment
1689881615478	Marionette	INFO	Marionette enabled
Dynamically enable window occlusion 0
1689881615526	Marionette	INFO	Listening on port 63392
Read port: 63392
1689881615665	RemoteAgent	WARN	TLS certificate errors will be ignored for this session
JavaScript warning: https://www.googletagmanager.com/gtm.js?id=GTM-WRHCNB line 5 > eval, line 2: WEBGL_debug_renderer_info is deprecated in Firefox and will be removed. Please use RENDERER.
JavaScript error: https://euob.seroundprince.com/sxp/i/722415346c0d8b5baaf40720537d89a5.js, line 1: TypeError: i is undefined
JavaScript warning: https://cdn.insurads.com/bootstrap/TL9GZR2D.js, line 1: WEBGL_debug_renderer_info is deprecated in Firefox and will be removed. Please use RENDERER.
JavaScript warning: https://pagead2.googlesyndication.com/bg/79Hy1jOkYXTpKXqlcd2FYXx1C4-H0WpSd41bxBCbcBc.js line 2 > eval line 6924 > eval line 1 > eval line 1 > eval, line 1: WEBGL_debug_renderer_info is deprecated in Firefox and will be removed. Please use RENDERER.
JavaScript warning: https://pagead2.googlesyndication.com/bg/79Hy1jOkYXTpKXqlcd2FYXx1C4-H0WpSd41bxBCbcBc.js line 2 > eval line 2944 > eval line 1 > eval line 1 > eval, line 1: WEBGL_debug_renderer_info is deprecated in Firefox and will be removed. Please use RENDERER.
JavaScript warning: https://pagead2.googlesyndication.com/bg/0j4FY6vZ_PUEn4D43bduuyAvhiDMGOGbS5pcl_NvY7Y.js line 2 > eval line 6637 > eval line 1 > eval line 1 > eval, line 1: WEBGL_debug_renderer_info is deprecated in Firefox and will be removed. Please use RENDERER.
JavaScript warning: https://pagead2.googlesyndication.com/bg/79Hy1jOkYXTpKXqlcd2FYXx1C4-H0WpSd41bxBCbcBc.js line 2 > eval line 2980 > eval line 1 > eval line 1 > eval, line 1: WEBGL_debug_renderer_info is deprecated in Firefox and will be removed. Please use RENDERER.
JavaScript warning: https://pagead2.googlesyndication.com/bg/0j4FY6vZ_PUEn4D43bduuyAvhiDMGOGbS5pcl_NvY7Y.js line 2 > eval line 6175 > eval line 1 > eval line 1 > eval, line 1: WEBGL_debug_renderer_info is deprecated in Firefox and will be removed. Please use RENDERER.
JavaScript error: , line 0: TypeError: NetworkError when attempting to fetch resource.
JavaScript error: , line 0: TypeError: NetworkError when attempting to fetch resource.
JavaScript error: , line 0: TypeError: NetworkError when attempting to fetch resource.
JavaScript error: , line 0: TypeError: NetworkError when attempting to fetch resource.
JavaScript error: https://ads.pubmatic.com/AdServer/js/pwt/160383/4693/pwt.js, line 1: TypeError: h.slotsMap[t] is undefined
JavaScript error: https://ads.pubmatic.com/AdServer/js/pwt/160383/4693/pwt.js, line 1: TypeError: h.slotsMap[t] is undefined
JavaScript error: , line 0: TypeError: NetworkError when attempting to fetch resource.
JavaScript error: , line 0: TypeError: NetworkError when attempting to fetch resource.
JavaScript warning: https://pagead2.googlesyndication.com/bg/0j4FY6vZ_PUEn4D43bduuyAvhiDMGOGbS5pcl_NvY7Y.js line 2 > eval line 1597 > eval line 1 > eval line 1 > eval, line 1: WEBGL_debug_renderer_info is deprecated in Firefox and will be removed. Please use RENDERER.
JavaScript warning: https://pagead2.googlesyndication.com/bg/79Hy1jOkYXTpKXqlcd2FYXx1C4-H0WpSd41bxBCbcBc.js line 2 > eval line 4024 > eval line 1 > eval line 1 > eval, line 1: WEBGL_debug_renderer_info is deprecated in Firefox and will be removed. Please use RENDERER.
JavaScript warning: https://pagead2.googlesyndication.com/bg/0j4FY6vZ_PUEn4D43bduuyAvhiDMGOGbS5pcl_NvY7Y.js line 2 > eval line 4253 > eval line 1 > eval line 1 > eval, line 1: WEBGL_debug_renderer_info is deprecated in Firefox and will be removed. Please use RENDERER.
JavaScript warning: https://pagead2.googlesyndication.com/bg/79Hy1jOkYXTpKXqlcd2FYXx1C4-H0WpSd41bxBCbcBc.js line 2 > eval line 2973 > eval line 1 > eval line 1 > eval, line 1: WEBGL_debug_renderer_info is deprecated in Firefox and will be removed. Please use RENDERER.
JavaScript warning: https://pagead2.googlesyndication.com/bg/0j4FY6vZ_PUEn4D43bduuyAvhiDMGOGbS5pcl_NvY7Y.js line 2 > eval line 7683 > eval line 1 > eval line 1 > eval, line 1: WEBGL_debug_renderer_info is deprecated in Firefox and will be removed. Please use RENDERER.
JavaScript error: , line 0: TypeError: NetworkError when attempting to fetch resource.
JavaScript error: , line 0: TypeError: NetworkError when attempting to fetch resource.
JavaScript error: , line 0: TypeError: NetworkError when attempting to fetch resource.
JavaScript error: , line 0: TypeError: NetworkError when attempting to fetch resource.
JavaScript error: , line 0: TypeError: NetworkError when attempting to fetch resource.
JavaScript error: https://ads.pubmatic.com/AdServer/js/pwt/160383/4693/pwt.js, line 1: TypeError: h.slotsMap[t] is undefined
JavaScript error: , line 0: TypeError: NetworkError when attempting to fetch resource.
JavaScript error: , line 0: TypeError: NetworkError when attempting to fetch resource.
JavaScript error: , line 0: TypeError: NetworkError when attempting to fetch resource.
JavaScript warning: https://pagead2.googlesyndication.com/bg/79Hy1jOkYXTpKXqlcd2FYXx1C4-H0WpSd41bxBCbcBc.js line 2 > eval line 785 > eval line 1 > eval line 1 > eval, line 1: WEBGL_debug_renderer_info is deprecated in Firefox and will be removed. Please use RENDERER.
JavaScript warning: https://pagead2.googlesyndication.com/bg/0j4FY6vZ_PUEn4D43bduuyAvhiDMGOGbS5pcl_NvY7Y.js line 2 > eval line 527 > eval line 1 > eval line 1 > eval, line 1: WEBGL_debug_renderer_info is deprecated in Firefox and will be removed. Please use RENDERER.
JavaScript warning: https://pagead2.googlesyndication.com/bg/79Hy1jOkYXTpKXqlcd2FYXx1C4-H0WpSd41bxBCbcBc.js line 2 > eval line 4262 > eval line 1 > eval line 1 > eval, line 1: WEBGL_debug_renderer_info is deprecated in Firefox and will be removed. Please use RENDERER.
JavaScript warning: https://pagead2.googlesyndication.com/bg/0j4FY6vZ_PUEn4D43bduuyAvhiDMGOGbS5pcl_NvY7Y.js line 2 > eval line 5523 > eval line 1 > eval line 1 > eval, line 1: WEBGL_debug_renderer_info is deprecated in Firefox and will be removed. Please use RENDERER.
JavaScript warning: https://pagead2.googlesyndication.com/bg/0j4FY6vZ_PUEn4D43bduuyAvhiDMGOGbS5pcl_NvY7Y.js line 2 > eval line 3091 > eval line 1 > eval line 1 > eval, line 1: WEBGL_debug_renderer_info is deprecated in Firefox and will be removed. Please use RENDERER.
JavaScript warning: https://pagead2.googlesyndication.com/bg/0j4FY6vZ_PUEn4D43bduuyAvhiDMGOGbS5pcl_NvY7Y.js line 2 > eval line 2616 > eval line 1 > eval line 1 > eval, line 1: WEBGL_debug_renderer_info is deprecated in Firefox and will be removed. Please use RENDERER.
JavaScript error: , line 0: TypeError: NetworkError when attempting to fetch resource.
JavaScript error: , line 0: TypeError: NetworkError when attempting to fetch resource.
JavaScript error: , line 0: TypeError: NetworkError when attempting to fetch resource.
JavaScript error: , line 0: TypeError: NetworkError when attempting to fetch resource.
JavaScript error: , line 0: TypeError: NetworkError when attempting to fetch resource.
JavaScript error: , line 0: TypeError: NetworkError when attempting to fetch resource.
JavaScript error: https://ads.pubmatic.com/AdServer/js/pwt/160383/4693/pwt.js, line 1: TypeError: h.slotsMap[t] is undefined
JavaScript error: https://ads.pubmatic.com/AdServer/js/pwt/160383/4693/pwt.js, line 1: TypeError: h.slotsMap[t] is undefined
JavaScript error: , line 0: TypeError: NetworkError when attempting to fetch resource.
JavaScript error: , line 0: TypeError: NetworkError when attempting to fetch resource.
JavaScript error: , line 0: TypeError: NetworkError when attempting to fetch resource.
JavaScript error: , line 0: TypeError: NetworkError when attempting to fetch resource.
JavaScript error: , line 0: TypeError: NetworkError when attempting to fetch resource.
JavaScript warning: https://pagead2.googlesyndication.com/bg/0j4FY6vZ_PUEn4D43bduuyAvhiDMGOGbS5pcl_NvY7Y.js line 2 > eval line 7017 > eval line 1 > eval line 1 > eval, line 1: WEBGL_debug_renderer_info is deprecated in Firefox and will be removed. Please use RENDERER.
JavaScript warning: https://pagead2.googlesyndication.com/bg/0j4FY6vZ_PUEn4D43bduuyAvhiDMGOGbS5pcl_NvY7Y.js line 2 > eval line 977 > eval line 1 > eval line 1 > eval, line 1: WEBGL_debug_renderer_info is deprecated in Firefox and will be removed. Please use RENDERER.
JavaScript warning: https://pagead2.googlesyndication.com/bg/0j4FY6vZ_PUEn4D43bduuyAvhiDMGOGbS5pcl_NvY7Y.js line 2 > eval line 1060 > eval line 1 > eval line 1 > eval, line 1: WEBGL_debug_renderer_info is deprecated in Firefox and will be removed. Please use RENDERER.
JavaScript warning: https://pagead2.googlesyndication.com/bg/0j4FY6vZ_PUEn4D43bduuyAvhiDMGOGbS5pcl_NvY7Y.js line 2 > eval line 2493 > eval line 1 > eval line 1 > eval, line 1: WEBGL_debug_renderer_info is deprecated in Firefox and will be removed. Please use RENDERER.
JavaScript warning: https://pagead2.googlesyndication.com/bg/0j4FY6vZ_PUEn4D43bduuyAvhiDMGOGbS5pcl_NvY7Y.js line 2 > eval line 392 > eval line 1 > eval line 1 > eval, line 1: WEBGL_debug_renderer_info is deprecated in Firefox and will be removed. Please use RENDERER.
JavaScript warning: https://pagead2.googlesyndication.com/bg/0j4FY6vZ_PUEn4D43bduuyAvhiDMGOGbS5pcl_NvY7Y.js line 2 > eval line 2905 > eval line 1 > eval line 1 > eval, line 1: WEBGL_debug_renderer_info is deprecated in Firefox and will be removed. Please use RENDERER.
JavaScript error: , line 0: TypeError: NetworkError when attempting to fetch resource.
JavaScript error: , line 0: TypeError: NetworkError when attempting to fetch resource.
JavaScript error: , line 0: TypeError: NetworkError when attempting to fetch resource.
JavaScript error: , line 0: TypeError: NetworkError when attempting to fetch resource.
JavaScript error: , line 0: TypeError: NetworkError when attempting to fetch resource.
JavaScript error: , line 0: TypeError: NetworkError when attempting to fetch resource.
JavaScript error: , line 0: TypeError: NetworkError when attempting to fetch resource.
JavaScript error: https://ads.pubmatic.com/AdServer/js/pwt/160383/4693/pwt.js, line 1: TypeError: h.slotsMap[t] is undefined
JavaScript error: , line 0: TypeError: NetworkError when attempting to fetch resource.
JavaScript error: , line 0: TypeError: NetworkError when attempting to fetch resource.
JavaScript error: , line 0: TypeError: NetworkError when attempting to fetch resource.
JavaScript error: , line 0: TypeError: NetworkError when attempting to fetch resource.
JavaScript warning: https://pagead2.googlesyndication.com/bg/79Hy1jOkYXTpKXqlcd2FYXx1C4-H0WpSd41bxBCbcBc.js line 2 > eval line 4931 > eval line 1 > eval line 1 > eval, line 1: WEBGL_debug_renderer_info is deprecated in Firefox and will be removed. Please use RENDERER.
JavaScript warning: https://pagead2.googlesyndication.com/bg/79Hy1jOkYXTpKXqlcd2FYXx1C4-H0WpSd41bxBCbcBc.js line 2 > eval line 108 > eval line 1 > eval line 1 > eval, line 1: WEBGL_debug_renderer_info is deprecated in Firefox and will be removed. Please use RENDERER.
JavaScript warning: https://pagead2.googlesyndication.com/bg/79Hy1jOkYXTpKXqlcd2FYXx1C4-H0WpSd41bxBCbcBc.js line 2 > eval line 3441 > eval line 1 > eval line 1 > eval, line 1: WEBGL_debug_renderer_info is deprecated in Firefox and will be removed. Please use RENDERER.
JavaScript warning: https://pagead2.googlesyndication.com/bg/79Hy1jOkYXTpKXqlcd2FYXx1C4-H0WpSd41bxBCbcBc.js line 2 > eval line 6538 > eval line 1 > eval line 1 > eval, line 1: WEBGL_debug_renderer_info is deprecated in Firefox and will be removed. Please use RENDERER.
JavaScript warning: https://pagead2.googlesyndication.com/bg/0j4FY6vZ_PUEn4D43bduuyAvhiDMGOGbS5pcl_NvY7Y.js line 2 > eval line 7540 > eval line 1 > eval line 1 > eval, line 1: WEBGL_debug_renderer_info is deprecated in Firefox and will be removed. Please use RENDERER.
JavaScript warning: https://pagead2.googlesyndication.com/bg/0j4FY6vZ_PUEn4D43bduuyAvhiDMGOGbS5pcl_NvY7Y.js line 2 > eval line 1423 > eval line 1 > eval line 1 > eval, line 1: WEBGL_debug_renderer_info is deprecated in Firefox and will be removed. Please use RENDERER.
JavaScript warning: https://pagead2.googlesyndication.com/bg/0j4FY6vZ_PUEn4D43bduuyAvhiDMGOGbS5pcl_NvY7Y.js line 2 > eval line 4421 > eval line 1 > eval line 1 > eval, line 1: WEBGL_debug_renderer_info is deprecated in Firefox and will be removed. Please use RENDERER.
JavaScript error: , line 0: TypeError: NetworkError when attempting to fetch resource.
JavaScript error: , line 0: TypeError: NetworkError when attempting to fetch resource.
JavaScript error: , line 0: TypeError: NetworkError when attempting to fetch resource.
JavaScript error: , line 0: TypeError: NetworkError when attempting to fetch resource.
JavaScript error: , line 0: TypeError: NetworkError when attempting to fetch resource.
JavaScript error: https://ads.pubmatic.com/AdServer/js/pwt/160383/4693/pwt.js, line 1: TypeError: h.slotsMap[t] is undefined
JavaScript error: , line 0: TypeError: NetworkError when attempting to fetch resource.
JavaScript error: , line 0: TypeError: NetworkError when attempting to fetch resource.
JavaScript error: , line 0: TypeError: NetworkError when attempting to fetch resource.
JavaScript warning: https://pagead2.googlesyndication.com/bg/0j4FY6vZ_PUEn4D43bduuyAvhiDMGOGbS5pcl_NvY7Y.js line 2 > eval line 3335 > eval line 1 > eval line 1 > eval, line 1: WEBGL_debug_renderer_info is deprecated in Firefox and will be removed. Please use RENDERER.
JavaScript warning: https://pagead2.googlesyndication.com/bg/0j4FY6vZ_PUEn4D43bduuyAvhiDMGOGbS5pcl_NvY7Y.js line 2 > eval line 1569 > eval line 1 > eval line 1 > eval, line 1: WEBGL_debug_renderer_info is deprecated in Firefox and will be removed. Please use RENDERER.
JavaScript warning: https://pagead2.googlesyndication.com/bg/0j4FY6vZ_PUEn4D43bduuyAvhiDMGOGbS5pcl_NvY7Y.js line 2 > eval line 6882 > eval line 1 > eval line 1 > eval, line 1: WEBGL_debug_renderer_info is deprecated in Firefox and will be removed. Please use RENDERER.
JavaScript warning: https://pagead2.googlesyndication.com/bg/79Hy1jOkYXTpKXqlcd2FYXx1C4-H0WpSd41bxBCbcBc.js line 2 > eval line 4854 > eval line 1 > eval line 1 > eval, line 1: WEBGL_debug_renderer_info is deprecated in Firefox and will be removed. Please use RENDERER.
JavaScript warning: https://pagead2.googlesyndication.com/bg/0j4FY6vZ_PUEn4D43bduuyAvhiDMGOGbS5pcl_NvY7Y.js line 2 > eval line 2156 > eval line 1 > eval line 1 > eval, line 1: WEBGL_debug_renderer_info is deprecated in Firefox and will be removed. Please use RENDERER.
JavaScript error: , line 0: TypeError: NetworkError when attempting to fetch resource.
JavaScript error: , line 0: TypeError: NetworkError when attempting to fetch resource.
JavaScript error: , line 0: TypeError: NetworkError when attempting to fetch resource.
JavaScript error: , line 0: TypeError: NetworkError when attempting to fetch resource.
JavaScript error: , line 0: TypeError: NetworkError when attempting to fetch resource.
JavaScript error: , line 0: TypeError: NetworkError when attempting to fetch resource.
JavaScript error: https://ads.pubmatic.com/AdServer/js/pwt/160383/4693/pwt.js, line 1: TypeError: h.slotsMap[t] is undefined
JavaScript error: https://ads.pubmatic.com/AdServer/js/pwt/160383/4693/pwt.js, line 1: TypeError: h.slotsMap[t] is undefined
JavaScript error: , line 0: TypeError: NetworkError when attempting to fetch resource.
JavaScript error: , line 0: TypeError: NetworkError when attempting to fetch resource.
JavaScript error: , line 0: TypeError: NetworkError when attempting to fetch resource.
JavaScript error: , line 0: TypeError: NetworkError when attempting to fetch resource.
JavaScript warning: https://pagead2.googlesyndication.com/bg/0j4FY6vZ_PUEn4D43bduuyAvhiDMGOGbS5pcl_NvY7Y.js line 2 > eval line 6719 > eval line 1 > eval line 1 > eval, line 1: WEBGL_debug_renderer_info is deprecated in Firefox and will be removed. Please use RENDERER.
JavaScript warning: https://pagead2.googlesyndication.com/bg/0j4FY6vZ_PUEn4D43bduuyAvhiDMGOGbS5pcl_NvY7Y.js line 2 > eval line 7071 > eval line 1 > eval line 1 > eval, line 1: WEBGL_debug_renderer_info is deprecated in Firefox and will be removed. Please use RENDERER.
JavaScript warning: https://pagead2.googlesyndication.com/bg/0j4FY6vZ_PUEn4D43bduuyAvhiDMGOGbS5pcl_NvY7Y.js line 2 > eval line 6437 > eval line 1 > eval line 1 > eval, line 1: WEBGL_debug_renderer_info is deprecated in Firefox and will be removed. Please use RENDERER.
JavaScript warning: https://pagead2.googlesyndication.com/bg/0j4FY6vZ_PUEn4D43bduuyAvhiDMGOGbS5pcl_NvY7Y.js line 2 > eval line 2158 > eval line 1 > eval line 1 > eval, line 1: WEBGL_debug_renderer_info is deprecated in Firefox and will be removed. Please use RENDERER.
JavaScript warning: https://pagead2.googlesyndication.com/bg/0j4FY6vZ_PUEn4D43bduuyAvhiDMGOGbS5pcl_NvY7Y.js line 2 > eval line 2840 > eval line 1 > eval line 1 > eval, line 1: WEBGL_debug_renderer_info is deprecated in Firefox and will be removed. Please use RENDERER.
JavaScript warning: https://pagead2.googlesyndication.com/bg/79Hy1jOkYXTpKXqlcd2FYXx1C4-H0WpSd41bxBCbcBc.js line 2 > eval line 2155 > eval line 1 > eval line 1 > eval, line 1: WEBGL_debug_renderer_info is deprecated in Firefox and will be removed. Please use RENDERER.
JavaScript error: , line 0: TypeError: NetworkError when attempting to fetch resource.
JavaScript error: , line 0: TypeError: NetworkError when attempting to fetch resource.
JavaScript error: , line 0: TypeError: NetworkError when attempting to fetch resource.
JavaScript error: , line 0: TypeError: NetworkError when attempting to fetch resource.
JavaScript error: https://ads.pubmatic.com/AdServer/js/pwt/160383/4693/pwt.js, line 1: TypeError: h.slotsMap[t] is undefined
JavaScript error: https://ads.pubmatic.com/AdServer/js/pwt/160383/4693/pwt.js, line 1: TypeError: h.slotsMap[t] is undefined
JavaScript error: , line 0: TypeError: NetworkError when attempting to fetch resource.
JavaScript error: , line 0: TypeError: NetworkError when attempting to fetch resource.
JavaScript error: , line 0: TypeError: NetworkError when attempting to fetch resource.
JavaScript warning: https://pagead2.googlesyndication.com/bg/0j4FY6vZ_PUEn4D43bduuyAvhiDMGOGbS5pcl_NvY7Y.js line 2 > eval line 2401 > eval line 1 > eval line 1 > eval, line 1: WEBGL_debug_renderer_info is deprecated in Firefox and will be removed. Please use RENDERER.
JavaScript warning: https://pagead2.googlesyndication.com/bg/0j4FY6vZ_PUEn4D43bduuyAvhiDMGOGbS5pcl_NvY7Y.js line 2 > eval line 2928 > eval line 1 > eval line 1 > eval, line 1: WEBGL_debug_renderer_info is deprecated in Firefox and will be removed. Please use RENDERER.
JavaScript warning: https://pagead2.googlesyndication.com/bg/79Hy1jOkYXTpKXqlcd2FYXx1C4-H0WpSd41bxBCbcBc.js line 2 > eval line 5956 > eval line 1 > eval line 1 > eval, line 1: WEBGL_debug_renderer_info is deprecated in Firefox and will be removed. Please use RENDERER.
JavaScript warning: https://pagead2.googlesyndication.com/bg/0j4FY6vZ_PUEn4D43bduuyAvhiDMGOGbS5pcl_NvY7Y.js line 2 > eval line 175 > eval line 1 > eval line 1 > eval, line 1: WEBGL_debug_renderer_info is deprecated in Firefox and will be removed. Please use RENDERER.
JavaScript warning: https://pagead2.googlesyndication.com/bg/0j4FY6vZ_PUEn4D43bduuyAvhiDMGOGbS5pcl_NvY7Y.js line 2 > eval line 5569 > eval line 1 > eval line 1 > eval, line 1: WEBGL_debug_renderer_info is deprecated in Firefox and will be removed. Please use RENDERER.
JavaScript error: https://s0.2mdn.net/sadbundle/5359365724461518938/SHELL_Zandvoort2023_IAB_NL_B_300x600/SHELL_Zandvoort2023_IAB_NL_B_300x600.html?ev=01_250, line 737: TypeError: _this.counter_States.counterDays_nr is undefined
JavaScript error: https://s0.2mdn.net/sadbundle/5359365724461518938/SHELL_Zandvoort2023_IAB_NL_B_300x600/SHELL_Zandvoort2023_IAB_NL_B_300x600.html?ev=01_250, line 737: TypeError: _this.counter_States.counterDays_nr is undefined
JavaScript error: https://s0.2mdn.net/sadbundle/5359365724461518938/SHELL_Zandvoort2023_IAB_NL_B_300x600/SHELL_Zandvoort2023_IAB_NL_B_300x600.html?ev=01_250, line 737: TypeError: _this.counter_States.counterDays_nr is undefined
JavaScript error: https://s0.2mdn.net/sadbundle/5359365724461518938/SHELL_Zandvoort2023_IAB_NL_B_300x600/SHELL_Zandvoort2023_IAB_NL_B_300x600.html?ev=01_250, line 737: TypeError: _this.counter_States.counterDays_nr is undefined
JavaScript error: https://s0.2mdn.net/sadbundle/5359365724461518938/SHELL_Zandvoort2023_IAB_NL_B_300x600/SHELL_Zandvoort2023_IAB_NL_B_300x600.html?ev=01_250, line 737: TypeError: _this.counter_States.counterDays_nr is undefined
JavaScript error: https://s0.2mdn.net/sadbundle/5359365724461518938/SHELL_Zandvoort2023_IAB_NL_B_300x600/SHELL_Zandvoort2023_IAB_NL_B_300x600.html?ev=01_250, line 737: TypeError: _this.counter_States.counterDays_nr is undefined
JavaScript error: https://s0.2mdn.net/sadbundle/5359365724461518938/SHELL_Zandvoort2023_IAB_NL_B_300x600/SHELL_Zandvoort2023_IAB_NL_B_300x600.html?ev=01_250, line 737: TypeError: _this.counter_States.counterDays_nr is undefined
JavaScript error: https://s0.2mdn.net/sadbundle/5359365724461518938/SHELL_Zandvoort2023_IAB_NL_B_300x600/SHELL_Zandvoort2023_IAB_NL_B_300x600.html?ev=01_250, line 737: TypeError: _this.counter_States.counterDays_nr is undefined
JavaScript error: https://s0.2mdn.net/sadbundle/5359365724461518938/SHELL_Zandvoort2023_IAB_NL_B_300x600/SHELL_Zandvoort2023_IAB_NL_B_300x600.html?ev=01_250, line 737: TypeError: _this.counter_States.counterDays_nr is undefined
JavaScript error: https://s0.2mdn.net/sadbundle/5359365724461518938/SHELL_Zandvoort2023_IAB_NL_B_300x600/SHELL_Zandvoort2023_IAB_NL_B_300x600.html?ev=01_250, line 737: TypeError: _this.counter_States.counterDays_nr is undefined
JavaScript error: https://s0.2mdn.net/sadbundle/5359365724461518938/SHELL_Zandvoort2023_IAB_NL_B_300x600/SHELL_Zandvoort2023_IAB_NL_B_300x600.html?ev=01_250, line 737: TypeError: _this.counter_States.counterDays_nr is undefined
JavaScript error: https://s0.2mdn.net/sadbundle/5359365724461518938/SHELL_Zandvoort2023_IAB_NL_B_300x600/SHELL_Zandvoort2023_IAB_NL_B_300x600.html?ev=01_250, line 737: TypeError: _this.counter_States.counterDays_nr is undefined
JavaScript error: https://s0.2mdn.net/sadbundle/5359365724461518938/SHELL_Zandvoort2023_IAB_NL_B_300x600/SHELL_Zandvoort2023_IAB_NL_B_300x600.html?ev=01_250, line 737: TypeError: _this.counter_States.counterDays_nr is undefined
JavaScript error: https://s0.2mdn.net/sadbundle/5359365724461518938/SHELL_Zandvoort2023_IAB_NL_B_300x600/SHELL_Zandvoort2023_IAB_NL_B_300x600.html?ev=01_250, line 737: TypeError: _this.counter_States.counterDays_nr is undefined
JavaScript error: https://s0.2mdn.net/sadbundle/5359365724461518938/SHELL_Zandvoort2023_IAB_NL_B_300x600/SHELL_Zandvoort2023_IAB_NL_B_300x600.html?ev=01_250, line 737: TypeError: _this.counter_States.counterDays_nr is undefined
JavaScript error: https://s0.2mdn.net/sadbundle/5359365724461518938/SHELL_Zandvoort2023_IAB_NL_B_300x600/SHELL_Zandvoort2023_IAB_NL_B_300x600.html?ev=01_250, line 737: TypeError: _this.counter_States.counterDays_nr is undefined
JavaScript error: https://s0.2mdn.net/sadbundle/5359365724461518938/SHELL_Zandvoort2023_IAB_NL_B_300x600/SHELL_Zandvoort2023_IAB_NL_B_300x600.html?ev=01_250, line 737: TypeError: _this.counter_States.counterDays_nr is undefined
JavaScript error: https://s0.2mdn.net/sadbundle/5359365724461518938/SHELL_Zandvoort2023_IAB_NL_B_300x600/SHELL_Zandvoort2023_IAB_NL_B_300x600.html?ev=01_250, line 737: TypeError: _this.counter_States.counterDays_nr is undefined
JavaScript error: https://s0.2mdn.net/sadbundle/5359365724461518938/SHELL_Zandvoort2023_IAB_NL_B_300x600/SHELL_Zandvoort2023_IAB_NL_B_300x600.html?ev=01_250, line 737: TypeError: _this.counter_States.counterDays_nr is undefined
JavaScript error: https://s0.2mdn.net/sadbundle/5359365724461518938/SHELL_Zandvoort2023_IAB_NL_B_300x600/SHELL_Zandvoort2023_IAB_NL_B_300x600.html?ev=01_250, line 737: TypeError: _this.counter_States.counterDays_nr is undefined
JavaScript error: https://s0.2mdn.net/sadbundle/5359365724461518938/SHELL_Zandvoort2023_IAB_NL_B_300x600/SHELL_Zandvoort2023_IAB_NL_B_300x600.html?ev=01_250, line 737: TypeError: _this.counter_States.counterDays_nr is undefined
JavaScript error: https://s0.2mdn.net/sadbundle/5359365724461518938/SHELL_Zandvoort2023_IAB_NL_B_300x600/SHELL_Zandvoort2023_IAB_NL_B_300x600.html?ev=01_250, line 737: TypeError: _this.counter_States.counterDays_nr is undefined
JavaScript error: , line 0: TypeError: NetworkError when attempting to fetch resource.
JavaScript error: , line 0: TypeError: NetworkError when attempting to fetch resource.
JavaScript error: , line 0: TypeError: NetworkError when attempting to fetch resource.
JavaScript error: , line 0: TypeError: NetworkError when attempting to fetch resource.
JavaScript error: , line 0: TypeError: NetworkError when attempting to fetch resource.
JavaScript error: , line 0: TypeError: NetworkError when attempting to fetch resource.
JavaScript error: https://s0.2mdn.net/sadbundle/5359365724461518938/SHELL_Zandvoort2023_IAB_NL_B_300x600/SHELL_Zandvoort2023_IAB_NL_B_300x600.html?ev=01_250, line 737: TypeError: _this.counter_States.counterDays_nr is undefined
JavaScript error: https://s0.2mdn.net/sadbundle/5359365724461518938/SHELL_Zandvoort2023_IAB_NL_B_300x600/SHELL_Zandvoort2023_IAB_NL_B_300x600.html?ev=01_250, line 737: TypeError: _this.counter_States.counterDays_nr is undefined
JavaScript error: https://s0.2mdn.net/sadbundle/5359365724461518938/SHELL_Zandvoort2023_IAB_NL_B_300x600/SHELL_Zandvoort2023_IAB_NL_B_300x600.html?ev=01_250, line 737: TypeError: _this.counter_States.counterDays_nr is undefined
JavaScript error: https://s0.2mdn.net/sadbundle/5359365724461518938/SHELL_Zandvoort2023_IAB_NL_B_300x600/SHELL_Zandvoort2023_IAB_NL_B_300x600.html?ev=01_250, line 737: TypeError: _this.counter_States.counterDays_nr is undefined
JavaScript error: https://s0.2mdn.net/sadbundle/5359365724461518938/SHELL_Zandvoort2023_IAB_NL_B_300x600/SHELL_Zandvoort2023_IAB_NL_B_300x600.html?ev=01_250, line 737: TypeError: _this.counter_States.counterDays_nr is undefined
JavaScript error: https://s0.2mdn.net/sadbundle/5359365724461518938/SHELL_Zandvoort2023_IAB_NL_B_300x600/SHELL_Zandvoort2023_IAB_NL_B_300x600.html?ev=01_250, line 737: TypeError: _this.counter_States.counterDays_nr is undefined
JavaScript error: https://s0.2mdn.net/sadbundle/5359365724461518938/SHELL_Zandvoort2023_IAB_NL_B_300x600/SHELL_Zandvoort2023_IAB_NL_B_300x600.html?ev=01_250, line 737: TypeError: _this.counter_States.counterDays_nr is undefined
JavaScript error: https://s0.2mdn.net/sadbundle/5359365724461518938/SHELL_Zandvoort2023_IAB_NL_B_300x600/SHELL_Zandvoort2023_IAB_NL_B_300x600.html?ev=01_250, line 737: TypeError: _this.counter_States.counterDays_nr is undefined
JavaScript error: https://s0.2mdn.net/sadbundle/5359365724461518938/SHELL_Zandvoort2023_IAB_NL_B_300x600/SHELL_Zandvoort2023_IAB_NL_B_300x600.html?ev=01_250, line 737: TypeError: _this.counter_States.counterDays_nr is undefined
JavaScript error: https://s0.2mdn.net/sadbundle/5359365724461518938/SHELL_Zandvoort2023_IAB_NL_B_300x600/SHELL_Zandvoort2023_IAB_NL_B_300x600.html?ev=01_250, line 737: TypeError: _this.counter_States.counterDays_nr is undefined
JavaScript error: https://s0.2mdn.net/sadbundle/5359365724461518938/SHELL_Zandvoort2023_IAB_NL_B_300x600/SHELL_Zandvoort2023_IAB_NL_B_300x600.html?ev=01_250, line 737: TypeError: _this.counter_States.counterDays_nr is undefined
JavaScript error: https://s0.2mdn.net/sadbundle/5359365724461518938/SHELL_Zandvoort2023_IAB_NL_B_300x600/SHELL_Zandvoort2023_IAB_NL_B_300x600.html?ev=01_250, line 737: TypeError: _this.counter_States.counterDays_nr is undefined
JavaScript error: https://s0.2mdn.net/sadbundle/5359365724461518938/SHELL_Zandvoort2023_IAB_NL_B_300x600/SHELL_Zandvoort2023_IAB_NL_B_300x600.html?ev=01_250, line 737: TypeError: _this.counter_States.counterDays_nr is undefined
JavaScript error: https://s0.2mdn.net/sadbundle/5359365724461518938/SHELL_Zandvoort2023_IAB_NL_B_300x600/SHELL_Zandvoort2023_IAB_NL_B_300x600.html?ev=01_250, line 737: TypeError: _this.counter_States.counterDays_nr is undefined
JavaScript error: https://s0.2mdn.net/sadbundle/5359365724461518938/SHELL_Zandvoort2023_IAB_NL_B_300x600/SHELL_Zandvoort2023_IAB_NL_B_300x600.html?ev=01_250, line 737: TypeError: _this.counter_States.counterDays_nr is undefined
JavaScript error: https://s0.2mdn.net/sadbundle/5359365724461518938/SHELL_Zandvoort2023_IAB_NL_B_300x600/SHELL_Zandvoort2023_IAB_NL_B_300x600.html?ev=01_250, line 737: TypeError: _this.counter_States.counterDays_nr is undefined
JavaScript error: https://ads.pubmatic.com/AdServer/js/pwt/160383/4693/pwt.js, line 1: TypeError: h.slotsMap[t] is undefined
JavaScript error: https://s0.2mdn.net/sadbundle/5359365724461518938/SHELL_Zandvoort2023_IAB_NL_B_300x600/SHELL_Zandvoort2023_IAB_NL_B_300x600.html?ev=01_250, line 737: TypeError: _this.counter_States.counterDays_nr is undefined
JavaScript error: https://s0.2mdn.net/sadbundle/5359365724461518938/SHELL_Zandvoort2023_IAB_NL_B_300x600/SHELL_Zandvoort2023_IAB_NL_B_300x600.html?ev=01_250, line 737: TypeError: _this.counter_States.counterDays_nr is undefined
JavaScript error: https://s0.2mdn.net/sadbundle/5359365724461518938/SHELL_Zandvoort2023_IAB_NL_B_300x600/SHELL_Zandvoort2023_IAB_NL_B_300x600.html?ev=01_250, line 737: TypeError: _this.counter_States.counterDays_nr is undefined
JavaScript error: https://s0.2mdn.net/sadbundle/5359365724461518938/SHELL_Zandvoort2023_IAB_NL_B_300x600/SHELL_Zandvoort2023_IAB_NL_B_300x600.html?ev=01_250, line 737: TypeError: _this.counter_States.counterDays_nr is undefined
JavaScript error: https://s0.2mdn.net/sadbundle/5359365724461518938/SHELL_Zandvoort2023_IAB_NL_B_300x600/SHELL_Zandvoort2023_IAB_NL_B_300x600.html?ev=01_250, line 737: TypeError: _this.counter_States.counterDays_nr is undefined
JavaScript error: https://s0.2mdn.net/sadbundle/5359365724461518938/SHELL_Zandvoort2023_IAB_NL_B_300x600/SHELL_Zandvoort2023_IAB_NL_B_300x600.html?ev=01_250, line 737: TypeError: _this.counter_States.counterDays_nr is undefined
JavaScript error: https://s0.2mdn.net/sadbundle/5359365724461518938/SHELL_Zandvoort2023_IAB_NL_B_300x600/SHELL_Zandvoort2023_IAB_NL_B_300x600.html?ev=01_250, line 737: TypeError: _this.counter_States.counterDays_nr is undefined
JavaScript error: https://s0.2mdn.net/sadbundle/5359365724461518938/SHELL_Zandvoort2023_IAB_NL_B_300x600/SHELL_Zandvoort2023_IAB_NL_B_300x600.html?ev=01_250, line 737: TypeError: _this.counter_States.counterDays_nr is undefined
JavaScript error: https://s0.2mdn.net/sadbundle/5359365724461518938/SHELL_Zandvoort2023_IAB_NL_B_300x600/SHELL_Zandvoort2023_IAB_NL_B_300x600.html?ev=01_250, line 737: TypeError: _this.counter_States.counterDays_nr is undefined
JavaScript error: https://s0.2mdn.net/sadbundle/5359365724461518938/SHELL_Zandvoort2023_IAB_NL_B_300x600/SHELL_Zandvoort2023_IAB_NL_B_300x600.html?ev=01_250, line 737: TypeError: _this.counter_States.counterDays_nr is undefined
JavaScript error: https://s0.2mdn.net/sadbundle/5359365724461518938/SHELL_Zandvoort2023_IAB_NL_B_300x600/SHELL_Zandvoort2023_IAB_NL_B_300x600.html?ev=01_250, line 737: TypeError: _this.counter_States.counterDays_nr is undefined
JavaScript error: https://s0.2mdn.net/sadbundle/5359365724461518938/SHELL_Zandvoort2023_IAB_NL_B_300x600/SHELL_Zandvoort2023_IAB_NL_B_300x600.html?ev=01_250, line 737: TypeError: _this.counter_States.counterDays_nr is undefined
JavaScript error: https://s0.2mdn.net/sadbundle/5359365724461518938/SHELL_Zandvoort2023_IAB_NL_B_300x600/SHELL_Zandvoort2023_IAB_NL_B_300x600.html?ev=01_250, line 737: TypeError: _this.counter_States.counterDays_nr is undefined
JavaScript error: https://s0.2mdn.net/sadbundle/5359365724461518938/SHELL_Zandvoort2023_IAB_NL_B_300x600/SHELL_Zandvoort2023_IAB_NL_B_300x600.html?ev=01_250, line 737: TypeError: _this.counter_States.counterDays_nr is undefined
JavaScript error: https://s0.2mdn.net/sadbundle/5359365724461518938/SHELL_Zandvoort2023_IAB_NL_B_300x600/SHELL_Zandvoort2023_IAB_NL_B_300x600.html?ev=01_250, line 737: TypeError: _this.counter_States.counterDays_nr is undefined
JavaScript error: https://s0.2mdn.net/sadbundle/5359365724461518938/SHELL_Zandvoort2023_IAB_NL_B_300x600/SHELL_Zandvoort2023_IAB_NL_B_300x600.html?ev=01_250, line 737: TypeError: _this.counter_States.counterDays_nr is undefined
JavaScript error: https://s0.2mdn.net/sadbundle/5359365724461518938/SHELL_Zandvoort2023_IAB_NL_B_300x600/SHELL_Zandvoort2023_IAB_NL_B_300x600.html?ev=01_250, line 737: TypeError: _this.counter_States.counterDays_nr is undefined
JavaScript error: https://s0.2mdn.net/sadbundle/5359365724461518938/SHELL_Zandvoort2023_IAB_NL_B_300x600/SHELL_Zandvoort2023_IAB_NL_B_300x600.html?ev=01_250, line 737: TypeError: _this.counter_States.counterDays_nr is undefined
JavaScript error: https://s0.2mdn.net/sadbundle/5359365724461518938/SHELL_Zandvoort2023_IAB_NL_B_300x600/SHELL_Zandvoort2023_IAB_NL_B_300x600.html?ev=01_250, line 737: TypeError: _this.counter_States.counterDays_nr is undefined
JavaScript error: https://s0.2mdn.net/sadbundle/5359365724461518938/SHELL_Zandvoort2023_IAB_NL_B_300x600/SHELL_Zandvoort2023_IAB_NL_B_300x600.html?ev=01_250, line 737: TypeError: _this.counter_States.counterDays_nr is undefined
JavaScript error: https://s0.2mdn.net/sadbundle/5359365724461518938/SHELL_Zandvoort2023_IAB_NL_B_300x600/SHELL_Zandvoort2023_IAB_NL_B_300x600.html?ev=01_250, line 737: TypeError: _this.counter_States.counterDays_nr is undefined
JavaScript error: https://s0.2mdn.net/sadbundle/5359365724461518938/SHELL_Zandvoort2023_IAB_NL_B_300x600/SHELL_Zandvoort2023_IAB_NL_B_300x600.html?ev=01_250, line 737: TypeError: _this.counter_States.counterDays_nr is undefined
JavaScript error: https://s0.2mdn.net/sadbundle/5359365724461518938/SHELL_Zandvoort2023_IAB_NL_B_300x600/SHELL_Zandvoort2023_IAB_NL_B_300x600.html?ev=01_250, line 737: TypeError: _this.counter_States.counterDays_nr is undefined
JavaScript error: , line 0: TypeError: NetworkError when attempting to fetch resource.
JavaScript error: , line 0: TypeError: NetworkError when attempting to fetch resource.
JavaScript error: , line 0: TypeError: NetworkError when attempting to fetch resource.
JavaScript error: , line 0: TypeError: NetworkError when attempting to fetch resource.
JavaScript error: , line 0: TypeError: NetworkError when attempting to fetch resource.
JavaScript error: , line 0: TypeError: NetworkError when attempting to fetch resource.
JavaScript warning: https://pagead2.googlesyndication.com/bg/0j4FY6vZ_PUEn4D43bduuyAvhiDMGOGbS5pcl_NvY7Y.js line 2 > eval line 5707 > eval line 1 > eval line 1 > eval, line 1: WEBGL_debug_renderer_info is deprecated in Firefox and will be removed. Please use RENDERER.
JavaScript warning: https://pagead2.googlesyndication.com/bg/0j4FY6vZ_PUEn4D43bduuyAvhiDMGOGbS5pcl_NvY7Y.js line 2 > eval line 5836 > eval line 1 > eval line 1 > eval, line 1: WEBGL_debug_renderer_info is deprecated in Firefox and will be removed. Please use RENDERER.
JavaScript warning: https://pagead2.googlesyndication.com/bg/0j4FY6vZ_PUEn4D43bduuyAvhiDMGOGbS5pcl_NvY7Y.js line 2 > eval line 7163 > eval line 1 > eval line 1 > eval, line 1: WEBGL_debug_renderer_info is deprecated in Firefox and will be removed. Please use RENDERER.
JavaScript warning: https://pagead2.googlesyndication.com/bg/79Hy1jOkYXTpKXqlcd2FYXx1C4-H0WpSd41bxBCbcBc.js line 2 > eval line 4153 > eval line 1 > eval line 1 > eval, line 1: WEBGL_debug_renderer_info is deprecated in Firefox and will be removed. Please use RENDERER.
JavaScript error: , line 0: TypeError: NetworkError when attempting to fetch resource.
JavaScript error: , line 0: TypeError: NetworkError when attempting to fetch resource.
JavaScript error: , line 0: TypeError: NetworkError when attempting to fetch resource.
JavaScript error: , line 0: TypeError: NetworkError when attempting to fetch resource.
JavaScript error: , line 0: TypeError: NetworkError when attempting to fetch resource.
JavaScript error: , line 0: TypeError: NetworkError when attempting to fetch resource.
JavaScript error: https://ads.pubmatic.com/AdServer/js/pwt/160383/4693/pwt.js, line 1: TypeError: h.slotsMap[t] is undefined
JavaScript error: https://ads.pubmatic.com/AdServer/js/pwt/160383/4693/pwt.js, line 1: TypeError: h.slotsMap[t] is undefined
JavaScript error: , line 0: TypeError: NetworkError when attempting to fetch resource.
JavaScript error: , line 0: TypeError: NetworkError when attempting to fetch resource.
JavaScript error: , line 0: TypeError: NetworkError when attempting to fetch resource.
JavaScript error: , line 0: TypeError: NetworkError when attempting to fetch resource.
JavaScript warning: https://pagead2.googlesyndication.com/bg/79Hy1jOkYXTpKXqlcd2FYXx1C4-H0WpSd41bxBCbcBc.js line 2 > eval line 5794 > eval line 1 > eval line 1 > eval, line 1: WEBGL_debug_renderer_info is deprecated in Firefox and will be removed. Please use RENDERER.
JavaScript warning: https://pagead2.googlesyndication.com/bg/0j4FY6vZ_PUEn4D43bduuyAvhiDMGOGbS5pcl_NvY7Y.js line 2 > eval line 4937 > eval line 1 > eval line 1 > eval, line 1: WEBGL_debug_renderer_info is deprecated in Firefox and will be removed. Please use RENDERER.
JavaScript warning: https://pagead2.googlesyndication.com/bg/0j4FY6vZ_PUEn4D43bduuyAvhiDMGOGbS5pcl_NvY7Y.js line 2 > eval line 1345 > eval line 1 > eval line 1 > eval, line 1: WEBGL_debug_renderer_info is deprecated in Firefox and will be removed. Please use RENDERER.
JavaScript warning: https://pagead2.googlesyndication.com/bg/0j4FY6vZ_PUEn4D43bduuyAvhiDMGOGbS5pcl_NvY7Y.js line 2 > eval line 1670 > eval line 1 > eval line 1 > eval, line 1: WEBGL_debug_renderer_info is deprecated in Firefox and will be removed. Please use RENDERER.
JavaScript warning: https://pagead2.googlesyndication.com/bg/0j4FY6vZ_PUEn4D43bduuyAvhiDMGOGbS5pcl_NvY7Y.js line 2 > eval line 5195 > eval line 1 > eval line 1 > eval, line 1: WEBGL_debug_renderer_info is deprecated in Firefox and will be removed. Please use RENDERER.
JavaScript warning: https://pagead2.googlesyndication.com/bg/0j4FY6vZ_PUEn4D43bduuyAvhiDMGOGbS5pcl_NvY7Y.js line 2 > eval line 4482 > eval line 1 > eval line 1 > eval, line 1: WEBGL_debug_renderer_info is deprecated in Firefox and will be removed. Please use RENDERER.
JavaScript error: , line 0: TypeError: NetworkError when attempting to fetch resource.
JavaScript error: , line 0: TypeError: NetworkError when attempting to fetch resource.
JavaScript error: , line 0: TypeError: NetworkError when attempting to fetch resource.
JavaScript error: , line 0: TypeError: NetworkError when attempting to fetch resource.
JavaScript error: , line 0: TypeError: NetworkError when attempting to fetch resource.
JavaScript error: , line 0: TypeError: NetworkError when attempting to fetch resource.
JavaScript error: , line 0: TypeError: NetworkError when attempting to fetch resource.
JavaScript error: https://ads.pubmatic.com/AdServer/js/pwt/160383/4693/pwt.js, line 1: TypeError: h.slotsMap[t] is undefined
JavaScript error: , line 0: TypeError: NetworkError when attempting to fetch resource.
JavaScript error: , line 0: TypeError: NetworkError when attempting to fetch resource.
JavaScript error: , line 0: TypeError: NetworkError when attempting to fetch resource.
JavaScript error: , line 0: TypeError: NetworkError when attempting to fetch resource.
JavaScript error: , line 0: TypeError: NetworkError when attempting to fetch resource.
JavaScript warning: https://pagead2.googlesyndication.com/bg/0j4FY6vZ_PUEn4D43bduuyAvhiDMGOGbS5pcl_NvY7Y.js line 2 > eval line 6485 > eval line 1 > eval line 1 > eval, line 1: WEBGL_debug_renderer_info is deprecated in Firefox and will be removed. Please use RENDERER.
JavaScript warning: https://pagead2.googlesyndication.com/bg/0j4FY6vZ_PUEn4D43bduuyAvhiDMGOGbS5pcl_NvY7Y.js line 2 > eval line 1253 > eval line 1 > eval line 1 > eval, line 1: WEBGL_debug_renderer_info is deprecated in Firefox and will be removed. Please use RENDERER.
JavaScript warning: https://pagead2.googlesyndication.com/bg/0j4FY6vZ_PUEn4D43bduuyAvhiDMGOGbS5pcl_NvY7Y.js line 2 > eval line 2807 > eval line 1 > eval line 1 > eval, line 1: WEBGL_debug_renderer_info is deprecated in Firefox and will be removed. Please use RENDERER.
JavaScript warning: https://pagead2.googlesyndication.com/bg/0j4FY6vZ_PUEn4D43bduuyAvhiDMGOGbS5pcl_NvY7Y.js line 2 > eval line 1969 > eval line 1 > eval line 1 > eval, line 1: WEBGL_debug_renderer_info is deprecated in Firefox and will be removed. Please use RENDERER.
JavaScript warning: https://pagead2.googlesyndication.com/bg/0j4FY6vZ_PUEn4D43bduuyAvhiDMGOGbS5pcl_NvY7Y.js line 2 > eval line 7211 > eval line 1 > eval line 1 > eval, line 1: WEBGL_debug_renderer_info is deprecated in Firefox and will be removed. Please use RENDERER.
JavaScript warning: https://pagead2.googlesyndication.com/bg/0j4FY6vZ_PUEn4D43bduuyAvhiDMGOGbS5pcl_NvY7Y.js line 2 > eval line 1652 > eval line 1 > eval line 1 > eval, line 1: WEBGL_debug_renderer_info is deprecated in Firefox and will be removed. Please use RENDERER.
JavaScript warning: https://pagead2.googlesyndication.com/bg/79Hy1jOkYXTpKXqlcd2FYXx1C4-H0WpSd41bxBCbcBc.js line 2 > eval line 2592 > eval line 1 > eval line 1 > eval, line 1: WEBGL_debug_renderer_info is deprecated in Firefox and will be removed. Please use RENDERER.
JavaScript error: , line 0: TypeError: NetworkError when attempting to fetch resource.
JavaScript error: , line 0: TypeError: NetworkError when attempting to fetch resource.
JavaScript error: , line 0: TypeError: NetworkError when attempting to fetch resource.
JavaScript error: , line 0: TypeError: NetworkError when attempting to fetch resource.
JavaScript error: , line 0: TypeError: NetworkError when attempting to fetch resource.
JavaScript error: , line 0: TypeError: NetworkError when attempting to fetch resource.
JavaScript error: , line 0: TypeError: NetworkError when attempting to fetch resource.
JavaScript error: https://ads.pubmatic.com/AdServer/js/pwt/160383/4693/pwt.js, line 1: TypeError: h.slotsMap[t] is undefined
JavaScript error: , line 0: TypeError: NetworkError when attempting to fetch resource.
JavaScript error: , line 0: TypeError: NetworkError when attempting to fetch resource.
JavaScript error: , line 0: TypeError: NetworkError when attempting to fetch resource.
JavaScript warning: https://pagead2.googlesyndication.com/bg/0j4FY6vZ_PUEn4D43bduuyAvhiDMGOGbS5pcl_NvY7Y.js line 2 > eval line 1613 > eval line 1 > eval line 1 > eval, line 1: WEBGL_debug_renderer_info is deprecated in Firefox and will be removed. Please use RENDERER.
JavaScript warning: https://pagead2.googlesyndication.com/bg/0j4FY6vZ_PUEn4D43bduuyAvhiDMGOGbS5pcl_NvY7Y.js line 2 > eval line 3928 > eval line 1 > eval line 1 > eval, line 1: WEBGL_debug_renderer_info is deprecated in Firefox and will be removed. Please use RENDERER.
JavaScript error: , line 0: TypeError: NetworkError when attempting to fetch resource.
JavaScript error: , line 0: TypeError: NetworkError when attempting to fetch resource.
JavaScript error: , line 0: TypeError: NetworkError when attempting to fetch resource.
JavaScript error: , line 0: TypeError: NetworkError when attempting to fetch resource.
JavaScript error: , line 0: TypeError: NetworkError when attempting to fetch resource.
JavaScript error: https://ads.pubmatic.com/AdServer/js/pwt/160383/4693/pwt.js, line 1: TypeError: h.slotsMap[t] is undefined
JavaScript error: https://ads.pubmatic.com/AdServer/js/pwt/160383/4693/pwt.js, line 1: TypeError: h.slotsMap[t] is undefined
JavaScript error: , line 0: TypeError: NetworkError when attempting to fetch resource.
JavaScript error: , line 0: TypeError: NetworkError when attempting to fetch resource.
JavaScript error: , line 0: TypeError: NetworkError when attempting to fetch resource.
JavaScript error: , line 0: TypeError: NetworkError when attempting to fetch resource.
JavaScript warning: https://pagead2.googlesyndication.com/bg/79Hy1jOkYXTpKXqlcd2FYXx1C4-H0WpSd41bxBCbcBc.js line 2 > eval line 2600 > eval line 1 > eval line 1 > eval, line 1: WEBGL_debug_renderer_info is deprecated in Firefox and will be removed. Please use RENDERER.
JavaScript warning: https://pagead2.googlesyndication.com/bg/0j4FY6vZ_PUEn4D43bduuyAvhiDMGOGbS5pcl_NvY7Y.js line 2 > eval line 6210 > eval line 1 > eval line 1 > eval, line 1: WEBGL_debug_renderer_info is deprecated in Firefox and will be removed. Please use RENDERER.
JavaScript warning: https://pagead2.googlesyndication.com/bg/0j4FY6vZ_PUEn4D43bduuyAvhiDMGOGbS5pcl_NvY7Y.js line 2 > eval line 5323 > eval line 1 > eval line 1 > eval, line 1: WEBGL_debug_renderer_info is deprecated in Firefox and will be removed. Please use RENDERER.
JavaScript error: , line 0: TypeError: NetworkError when attempting to fetch resource.
JavaScript error: , line 0: TypeError: NetworkError when attempting to fetch resource.
JavaScript error: , line 0: TypeError: NetworkError when attempting to fetch resource.
JavaScript error: , line 0: TypeError: NetworkError when attempting to fetch resource.
JavaScript error: https://ads.pubmatic.com/AdServer/js/pwt/160383/4693/pwt.js, line 1: TypeError: h.slotsMap[t] is undefined
JavaScript error: https://ads.pubmatic.com/AdServer/js/pwt/160383/4693/pwt.js, line 1: TypeError: h.slotsMap[t] is undefined
JavaScript error: , line 0: TypeError: NetworkError when attempting to fetch resource.
JavaScript error: , line 0: TypeError: NetworkError when attempting to fetch resource.
JavaScript error: , line 0: TypeError: NetworkError when attempting to fetch resource.
JavaScript error: , line 0: TypeError: NetworkError when attempting to fetch resource.
JavaScript warning: https://pagead2.googlesyndication.com/bg/0j4FY6vZ_PUEn4D43bduuyAvhiDMGOGbS5pcl_NvY7Y.js line 2 > eval line 7320 > eval line 1 > eval line 1 > eval, line 1: WEBGL_debug_renderer_info is deprecated in Firefox and will be removed. Please use RENDERER.
JavaScript warning: https://pagead2.googlesyndication.com/bg/79Hy1jOkYXTpKXqlcd2FYXx1C4-H0WpSd41bxBCbcBc.js line 2 > eval line 4694 > eval line 1 > eval line 1 > eval, line 1: WEBGL_debug_renderer_info is deprecated in Firefox and will be removed. Please use RENDERER.
JavaScript warning: https://pagead2.googlesyndication.com/bg/0j4FY6vZ_PUEn4D43bduuyAvhiDMGOGbS5pcl_NvY7Y.js line 2 > eval line 1692 > eval line 1 > eval line 1 > eval, line 1: WEBGL_debug_renderer_info is deprecated in Firefox and will be removed. Please use RENDERER.
JavaScript warning: https://pagead2.googlesyndication.com/bg/0j4FY6vZ_PUEn4D43bduuyAvhiDMGOGbS5pcl_NvY7Y.js line 2 > eval line 500 > eval line 1 > eval line 1 > eval, line 1: WEBGL_debug_renderer_info is deprecated in Firefox and will be removed. Please use RENDERER.
JavaScript warning: https://pagead2.googlesyndication.com/bg/79Hy1jOkYXTpKXqlcd2FYXx1C4-H0WpSd41bxBCbcBc.js line 2 > eval line 2637 > eval line 1 > eval line 1 > eval, line 1: WEBGL_debug_renderer_info is deprecated in Firefox and will be removed. Please use RENDERER.
JavaScript warning: https://pagead2.googlesyndication.com/bg/0j4FY6vZ_PUEn4D43bduuyAvhiDMGOGbS5pcl_NvY7Y.js line 2 > eval line 7731 > eval line 1 > eval line 1 > eval, line 1: WEBGL_debug_renderer_info is deprecated in Firefox and will be removed. Please use RENDERER.
JavaScript error: , line 0: TypeError: NetworkError when attempting to fetch resource.
JavaScript error: , line 0: TypeError: NetworkError when attempting to fetch resource.
JavaScript error: , line 0: TypeError: NetworkError when attempting to fetch resource.
JavaScript error: , line 0: TypeError: NetworkError when attempting to fetch resource.
JavaScript error: https://ads.pubmatic.com/AdServer/js/pwt/160383/4693/pwt.js, line 1: TypeError: h.slotsMap[t] is undefined
JavaScript error: , line 0: TypeError: NetworkError when attempting to fetch resource.
JavaScript error: , line 0: TypeError: NetworkError when attempting to fetch resource.
JavaScript error: , line 0: TypeError: NetworkError when attempting to fetch resource.
JavaScript error: , line 0: TypeError: NetworkError when attempting to fetch resource.
JavaScript error: , line 0: TypeError: NetworkError when attempting to fetch resource.
JavaScript warning: https://pagead2.googlesyndication.com/bg/0j4FY6vZ_PUEn4D43bduuyAvhiDMGOGbS5pcl_NvY7Y.js line 2 > eval line 467 > eval line 1 > eval line 1 > eval, line 1: WEBGL_debug_renderer_info is deprecated in Firefox and will be removed. Please use RENDERER.
JavaScript warning: https://pagead2.googlesyndication.com/bg/0j4FY6vZ_PUEn4D43bduuyAvhiDMGOGbS5pcl_NvY7Y.js line 2 > eval line 6426 > eval line 1 > eval line 1 > eval, line 1: WEBGL_debug_renderer_info is deprecated in Firefox and will be removed. Please use RENDERER.
JavaScript warning: https://pagead2.googlesyndication.com/bg/0j4FY6vZ_PUEn4D43bduuyAvhiDMGOGbS5pcl_NvY7Y.js line 2 > eval line 7077 > eval line 1 > eval line 1 > eval, line 1: WEBGL_debug_renderer_info is deprecated in Firefox and will be removed. Please use RENDERER.
JavaScript warning: https://pagead2.googlesyndication.com/bg/79Hy1jOkYXTpKXqlcd2FYXx1C4-H0WpSd41bxBCbcBc.js line 2 > eval line 7125 > eval line 1 > eval line 1 > eval, line 1: WEBGL_debug_renderer_info is deprecated in Firefox and will be removed. Please use RENDERER.
JavaScript warning: https://pagead2.googlesyndication.com/bg/0j4FY6vZ_PUEn4D43bduuyAvhiDMGOGbS5pcl_NvY7Y.js line 2 > eval line 1189 > eval line 1 > eval line 1 > eval, line 1: WEBGL_debug_renderer_info is deprecated in Firefox and will be removed. Please use RENDERER.
JavaScript error: , line 0: TypeError: NetworkError when attempting to fetch resource.
JavaScript error: , line 0: TypeError: NetworkError when attempting to fetch resource.
JavaScript error: , line 0: TypeError: NetworkError when attempting to fetch resource.
JavaScript error: , line 0: TypeError: NetworkError when attempting to fetch resource.
JavaScript error: , line 0: TypeError: NetworkError when attempting to fetch resource.
JavaScript error: https://ads.pubmatic.com/AdServer/js/pwt/160383/4693/pwt.js, line 1: TypeError: h.slotsMap[t] is undefined
JavaScript error: https://ads.pubmatic.com/AdServer/js/pwt/160383/4693/pwt.js, line 1: TypeError: h.slotsMap[t] is undefined
JavaScript error: , line 0: TypeError: NetworkError when attempting to fetch resource.
JavaScript error: , line 0: TypeError: NetworkError when attempting to fetch resource.
JavaScript error: , line 0: TypeError: NetworkError when attempting to fetch resource.
JavaScript error: , line 0: TypeError: NetworkError when attempting to fetch resource.
JavaScript error: , line 0: TypeError: NetworkError when attempting to fetch resource.
JavaScript error: , line 0: TypeError: NetworkError when attempting to fetch resource.
JavaScript warning: https://pagead2.googlesyndication.com/bg/0j4FY6vZ_PUEn4D43bduuyAvhiDMGOGbS5pcl_NvY7Y.js line 2 > eval line 1177 > eval line 1 > eval line 1 > eval, line 1: WEBGL_debug_renderer_info is deprecated in Firefox and will be removed. Please use RENDERER.
JavaScript warning: https://pagead2.googlesyndication.com/bg/0j4FY6vZ_PUEn4D43bduuyAvhiDMGOGbS5pcl_NvY7Y.js line 2 > eval line 1575 > eval line 1 > eval line 1 > eval, line 1: WEBGL_debug_renderer_info is deprecated in Firefox and will be removed. Please use RENDERER.
JavaScript warning: https://pagead2.googlesyndication.com/bg/0j4FY6vZ_PUEn4D43bduuyAvhiDMGOGbS5pcl_NvY7Y.js line 2 > eval line 4437 > eval line 1 > eval line 1 > eval, line 1: WEBGL_debug_renderer_info is deprecated in Firefox and will be removed. Please use RENDERER.
JavaScript warning: https://pagead2.googlesyndication.com/bg/0j4FY6vZ_PUEn4D43bduuyAvhiDMGOGbS5pcl_NvY7Y.js line 2 > eval line 5843 > eval line 1 > eval line 1 > eval, line 1: WEBGL_debug_renderer_info is deprecated in Firefox and will be removed. Please use RENDERER.
JavaScript error: , line 0: TypeError: NetworkError when attempting to fetch resource.
JavaScript error: , line 0: TypeError: NetworkError when attempting to fetch resource.
JavaScript error: , line 0: TypeError: NetworkError when attempting to fetch resource.
JavaScript error: , line 0: TypeError: NetworkError when attempting to fetch resource.
JavaScript error: https://ads.pubmatic.com/AdServer/js/pwt/160383/4693/pwt.js, line 1: TypeError: h.slotsMap[t] is undefined
JavaScript error: https://ads.pubmatic.com/AdServer/js/pwt/160383/4693/pwt.js, line 1: TypeError: h.slotsMap[t] is undefined
JavaScript error: , line 0: TypeError: NetworkError when attempting to fetch resource.
JavaScript error: , line 0: TypeError: NetworkError when attempting to fetch resource.
JavaScript error: , line 0: TypeError: NetworkError when attempting to fetch resource.
JavaScript error: , line 0: TypeError: NetworkError when attempting to fetch resource.
JavaScript error: , line 0: TypeError: NetworkError when attempting to fetch resource.
JavaScript warning: https://pagead2.googlesyndication.com/bg/79Hy1jOkYXTpKXqlcd2FYXx1C4-H0WpSd41bxBCbcBc.js line 2 > eval line 4995 > eval line 1 > eval line 1 > eval, line 1: WEBGL_debug_renderer_info is deprecated in Firefox and will be removed. Please use RENDERER.
JavaScript warning: https://pagead2.googlesyndication.com/bg/0j4FY6vZ_PUEn4D43bduuyAvhiDMGOGbS5pcl_NvY7Y.js line 2 > eval line 2637 > eval line 1 > eval line 1 > eval, line 1: WEBGL_debug_renderer_info is deprecated in Firefox and will be removed. Please use RENDERER.
JavaScript warning: https://pagead2.googlesyndication.com/bg/0j4FY6vZ_PUEn4D43bduuyAvhiDMGOGbS5pcl_NvY7Y.js line 2 > eval line 4371 > eval line 1 > eval line 1 > eval, line 1: WEBGL_debug_renderer_info is deprecated in Firefox and will be removed. Please use RENDERER.
JavaScript warning: https://pagead2.googlesyndication.com/bg/0j4FY6vZ_PUEn4D43bduuyAvhiDMGOGbS5pcl_NvY7Y.js line 2 > eval line 5470 > eval line 1 > eval line 1 > eval, line 1: WEBGL_debug_renderer_info is deprecated in Firefox and will be removed. Please use RENDERER.
JavaScript warning: https://pagead2.googlesyndication.com/bg/79Hy1jOkYXTpKXqlcd2FYXx1C4-H0WpSd41bxBCbcBc.js line 2 > eval line 7550 > eval line 1 > eval line 1 > eval, line 1: WEBGL_debug_renderer_info is deprecated in Firefox and will be removed. Please use RENDERER.
JavaScript error: , line 0: TypeError: NetworkError when attempting to fetch resource.
JavaScript error: , line 0: TypeError: NetworkError when attempting to fetch resource.
JavaScript error: , line 0: TypeError: NetworkError when attempting to fetch resource.
JavaScript error: https://ads.pubmatic.com/AdServer/js/pwt/160383/4693/pwt.js, line 1: TypeError: h.slotsMap[t] is undefined
JavaScript error: https://ads.pubmatic.com/AdServer/js/pwt/160383/4693/pwt.js, line 1: TypeError: h.slotsMap[t] is undefined
JavaScript error: , line 0: TypeError: NetworkError when attempting to fetch resource.
JavaScript error: , line 0: TypeError: NetworkError when attempting to fetch resource.
JavaScript error: , line 0: TypeError: NetworkError when attempting to fetch resource.
JavaScript error: , line 0: TypeError: NetworkError when attempting to fetch resource.
JavaScript error: , line 0: TypeError: NetworkError when attempting to fetch resource.
JavaScript warning: https://pagead2.googlesyndication.com/bg/0j4FY6vZ_PUEn4D43bduuyAvhiDMGOGbS5pcl_NvY7Y.js line 2 > eval line 4974 > eval line 1 > eval line 1 > eval, line 1: WEBGL_debug_renderer_info is deprecated in Firefox and will be removed. Please use RENDERER.
JavaScript warning: https://pagead2.googlesyndication.com/bg/0j4FY6vZ_PUEn4D43bduuyAvhiDMGOGbS5pcl_NvY7Y.js line 2 > eval line 1657 > eval line 1 > eval line 1 > eval, line 1: WEBGL_debug_renderer_info is deprecated in Firefox and will be removed. Please use RENDERER.
JavaScript warning: https://pagead2.googlesyndication.com/bg/79Hy1jOkYXTpKXqlcd2FYXx1C4-H0WpSd41bxBCbcBc.js line 2 > eval line 2393 > eval line 1 > eval line 1 > eval, line 1: WEBGL_debug_renderer_info is deprecated in Firefox and will be removed. Please use RENDERER.
JavaScript warning: https://pagead2.googlesyndication.com/bg/79Hy1jOkYXTpKXqlcd2FYXx1C4-H0WpSd41bxBCbcBc.js line 2 > eval line 2104 > eval line 1 > eval line 1 > eval, line 1: WEBGL_debug_renderer_info is deprecated in Firefox and will be removed. Please use RENDERER.
JavaScript error: , line 0: TypeError: NetworkError when attempting to fetch resource.
JavaScript error: , line 0: TypeError: NetworkError when attempting to fetch resource.
JavaScript error: , line 0: TypeError: NetworkError when attempting to fetch resource.
JavaScript error: , line 0: TypeError: NetworkError when attempting to fetch resource.
JavaScript error: https://ads.pubmatic.com/AdServer/js/pwt/160383/4693/pwt.js, line 1: TypeError: h.slotsMap[t] is undefined
JavaScript error: , line 0: TypeError: NetworkError when attempting to fetch resource.
JavaScript error: , line 0: TypeError: NetworkError when attempting to fetch resource.
JavaScript error: https://ads.pubmatic.com/AdServer/js/pwt/160383/4693/pwt.js, line 1: TypeError: h.slotsMap[t] is undefined
JavaScript error: , line 0: TypeError: NetworkError when attempting to fetch resource.
JavaScript error: , line 0: TypeError: NetworkError when attempting to fetch resource.
JavaScript warning: https://pagead2.googlesyndication.com/bg/0j4FY6vZ_PUEn4D43bduuyAvhiDMGOGbS5pcl_NvY7Y.js line 2 > eval line 7463 > eval line 1 > eval line 1 > eval, line 1: WEBGL_debug_renderer_info is deprecated in Firefox and will be removed. Please use RENDERER.
JavaScript warning: https://pagead2.googlesyndication.com/bg/79Hy1jOkYXTpKXqlcd2FYXx1C4-H0WpSd41bxBCbcBc.js line 2 > eval line 4606 > eval line 1 > eval line 1 > eval, line 1: WEBGL_debug_renderer_info is deprecated in Firefox and will be removed. Please use RENDERER.
JavaScript warning: https://pagead2.googlesyndication.com/bg/0j4FY6vZ_PUEn4D43bduuyAvhiDMGOGbS5pcl_NvY7Y.js line 2 > eval line 65 > eval line 1 > eval line 1 > eval, line 1: WEBGL_debug_renderer_info is deprecated in Firefox and will be removed. Please use RENDERER.
1689881784039	Marionette	INFO	Stopped listening on port 63392
Dynamically enable window occlusion 1
[GFX1-]: Failed to read event type: 19
[GFX1]: RenderDXGITextureHost AcquireSync timeout, hr=0x102
[GFX1-]: Failed to get descriptor for recorded texture.
JavaScript error: , line 0: TypeError: NetworkError when attempting to fetch resource.
JavaScript error: , line 0: TypeError: NetworkError when attempting to fetch resource.
JavaScript error: , line 0: TypeError: NetworkError when attempting to fetch resource.
